{"/Users/adrianbrandt/priv/web-chores/backend/src/context.ts": {"path":"/Users/adrianbrandt/priv/web-chores/backend/src/context.ts","statementMap":{"0":{"start":{"line":2,"column":0},"end":{"line":2,"column":30}},"1":{"start":{"line":10,"column":29},"end":{"line":14,"column":1}},"2":{"start":{"line":11,"column":4},"end":{"line":13,"column":6}},"3":{"start":{"line":10,"column":13},"end":{"line":10,"column":29}},"4":{"start":{"line":17,"column":13},"end":{"line":17,"column":42}}},"fnMap":{"0":{"name":"(anonymous_1)","decl":{"start":{"line":10,"column":29},"end":{"line":10,"column":44}},"loc":{"start":{"line":10,"column":46},"end":{"line":14,"column":1}}}},"branchMap":{},"s":{"0":0,"1":0,"2":0,"3":0,"4":0},"f":{"0":0},"b":{}}
,"/Users/adrianbrandt/priv/web-chores/backend/src/index.ts": {"path":"/Users/adrianbrandt/priv/web-chores/backend/src/index.ts","statementMap":{"0":{"start":{"line":1,"column":0},"end":{"line":1,"column":30}},"1":{"start":{"line":2,"column":0},"end":{"line":2,"column":24}},"2":{"start":{"line":3,"column":0},"end":{"line":3,"column":28}},"3":{"start":{"line":4,"column":0},"end":{"line":4,"column":30}},"4":{"start":{"line":5,"column":0},"end":{"line":5,"column":49}},"5":{"start":{"line":6,"column":0},"end":{"line":6,"column":37}},"6":{"start":{"line":7,"column":0},"end":{"line":7,"column":63}},"7":{"start":{"line":8,"column":0},"end":{"line":8,"column":55}},"8":{"start":{"line":10,"column":0},"end":{"line":10,"column":16}},"9":{"start":{"line":12,"column":12},"end":{"line":12,"column":21}},"10":{"start":{"line":13,"column":13},"end":{"line":13,"column":37}},"11":{"start":{"line":16,"column":0},"end":{"line":16,"column":16}},"12":{"start":{"line":17,"column":0},"end":{"line":17,"column":24}},"13":{"start":{"line":18,"column":0},"end":{"line":18,"column":20}},"14":{"start":{"line":19,"column":0},"end":{"line":19,"column":27}},"15":{"start":{"line":23,"column":0},"end":{"line":23,"column":24}},"16":{"start":{"line":26,"column":0},"end":{"line":26,"column":25}},"17":{"start":{"line":29,"column":0},"end":{"line":31,"column":3}},"18":{"start":{"line":30,"column":4},"end":{"line":30,"column":50}},"19":{"start":{"line":34,"column":0},"end":{"line":37,"column":3}},"20":{"start":{"line":35,"column":4},"end":{"line":35,"column":64}},"21":{"start":{"line":36,"column":4},"end":{"line":36,"column":20}},"22":{"start":{"line":39,"column":0},"end":{"line":44,"column":3}},"23":{"start":{"line":40,"column":4},"end":{"line":43,"column":7}}},"fnMap":{"0":{"name":"(anonymous_1)","decl":{"start":{"line":29,"column":17},"end":{"line":29,"column":20}},"loc":{"start":{"line":29,"column":22},"end":{"line":31,"column":1}}},"1":{"name":"(anonymous_2)","decl":{"start":{"line":34,"column":32},"end":{"line":34,"column":33}},"loc":{"start":{"line":34,"column":42},"end":{"line":37,"column":1}}},"2":{"name":"(anonymous_3)","decl":{"start":{"line":39,"column":33},"end":{"line":39,"column":34}},"loc":{"start":{"line":39,"column":53},"end":{"line":44,"column":1}}}},"branchMap":{"0":{"loc":{"start":{"line":13,"column":13},"end":{"line":13,"column":37}},"type":"binary-expr","locations":[{"start":{"line":13,"column":13},"end":{"line":13,"column":29}},{"start":{"line":13,"column":33},"end":{"line":13,"column":37}}]},"1":{"loc":{"start":{"line":41,"column":16},"end":{"line":41,"column":63}},"type":"cond-expr","locations":[{"start":{"line":41,"column":42},"end":{"line":41,"column":54}},{"start":{"line":41,"column":57},"end":{"line":41,"column":63}}]}},"s":{"0":0,"1":0,"2":0,"3":0,"4":0,"5":0,"6":0,"7":0,"8":0,"9":0,"10":0,"11":0,"12":0,"13":0,"14":0,"15":0,"16":0,"17":0,"18":0,"19":0,"20":0,"21":0,"22":0,"23":0},"f":{"0":0,"1":0,"2":0},"b":{"0":[0,0],"1":[0,0]}}
,"/Users/adrianbrandt/priv/web-chores/backend/src/prisma.ts": {"path":"/Users/adrianbrandt/priv/web-chores/backend/src/prisma.ts","statementMap":{"0":{"start":{"line":1,"column":0},"end":{"line":1,"column":50}},"1":{"start":{"line":3,"column":15},"end":{"line":3,"column":33}},"2":{"start":{"line":5,"column":0},"end":{"line":5,"column":22}}},"fnMap":{},"branchMap":{},"s":{"0":0,"1":0,"2":0},"f":{},"b":{}}
,"/Users/adrianbrandt/priv/web-chores/backend/src/config/logger.ts": {"path":"/Users/adrianbrandt/priv/web-chores/backend/src/config/logger.ts","statementMap":{"0":{"start":{"line":1,"column":0},"end":{"line":1,"column":30}},"1":{"start":{"line":2,"column":0},"end":{"line":2,"column":24}},"2":{"start":{"line":3,"column":0},"end":{"line":3,"column":20}},"3":{"start":{"line":5,"column":15},"end":{"line":5,"column":47}},"4":{"start":{"line":6,"column":0},"end":{"line":8,"column":1}},"5":{"start":{"line":7,"column":4},"end":{"line":7,"column":25}},"6":{"start":{"line":10,"column":18},"end":{"line":14,"column":2}},"7":{"start":{"line":10,"column":68},"end":{"line":10,"column":73}},"8":{"start":{"line":10,"column":77},"end":{"line":10,"column":81}},"9":{"start":{"line":11,"column":4},"end":{"line":13,"column":7}},"10":{"start":{"line":16,"column":15},"end":{"line":36,"column":2}},"11":{"start":{"line":39,"column":0},"end":{"line":47,"column":1}},"12":{"start":{"line":40,"column":4},"end":{"line":46,"column":8}},"13":{"start":{"line":50,"column":13},"end":{"line":54,"column":2}},"14":{"start":{"line":52,"column":8},"end":{"line":52,"column":36}},"15":{"start":{"line":56,"column":0},"end":{"line":56,"column":22}}},"fnMap":{"0":{"name":"(anonymous_2)","decl":{"start":{"line":10,"column":40},"end":{"line":10,"column":41}},"loc":{"start":{"line":10,"column":83},"end":{"line":14,"column":1}}},"1":{"name":"(anonymous_3)","decl":{"start":{"line":51,"column":11},"end":{"line":51,"column":12}},"loc":{"start":{"line":51,"column":31},"end":{"line":53,"column":5}}}},"branchMap":{"0":{"loc":{"start":{"line":6,"column":0},"end":{"line":8,"column":1}},"type":"if","locations":[{"start":{"line":6,"column":0},"end":{"line":8,"column":1}}]},"1":{"loc":{"start":{"line":12,"column":8},"end":{"line":12,"column":null}},"type":"cond-expr","locations":[{"start":{"line":12,"column":35},"end":{"line":12,"column":55}},{"start":{"line":12,"column":58},"end":{"line":12,"column":null}}]},"2":{"loc":{"start":{"line":17,"column":11},"end":{"line":17,"column":67}},"type":"cond-expr","locations":[{"start":{"line":17,"column":51},"end":{"line":17,"column":57}},{"start":{"line":17,"column":60},"end":{"line":17,"column":67}}]},"3":{"loc":{"start":{"line":39,"column":0},"end":{"line":47,"column":1}},"type":"if","locations":[{"start":{"line":39,"column":0},"end":{"line":47,"column":1}}]}},"s":{"0":5,"1":5,"2":5,"3":5,"4":5,"5":1,"6":5,"7":0,"8":0,"9":0,"10":5,"11":5,"12":4,"13":5,"14":1,"15":5},"f":{"0":0,"1":1},"b":{"0":[1],"1":[0,0],"2":[1,4],"3":[4]}}
,"/Users/adrianbrandt/priv/web-chores/backend/src/controllers/adminController.ts": {"path":"/Users/adrianbrandt/priv/web-chores/backend/src/controllers/adminController.ts","statementMap":{"0":{"start":{"line":2,"column":0},"end":{"line":2,"column":57}},"1":{"start":{"line":3,"column":0},"end":{"line":3,"column":38}},"2":{"start":{"line":5,"column":27},"end":{"line":14,"column":2}},"3":{"start":{"line":5,"column":65},"end":{"line":14,"column":2}},"4":{"start":{"line":6,"column":18},"end":{"line":6,"column":61}},"5":{"start":{"line":8,"column":4},"end":{"line":11,"column":7}},"6":{"start":{"line":13,"column":4},"end":{"line":13,"column":20}},"7":{"start":{"line":5,"column":13},"end":{"line":5,"column":27}},"8":{"start":{"line":16,"column":27},"end":{"line":26,"column":2}},"9":{"start":{"line":16,"column":65},"end":{"line":26,"column":2}},"10":{"start":{"line":17,"column":19},"end":{"line":17,"column":42}},"11":{"start":{"line":18,"column":17},"end":{"line":18,"column":68}},"12":{"start":{"line":20,"column":4},"end":{"line":23,"column":7}},"13":{"start":{"line":25,"column":4},"end":{"line":25,"column":19}},"14":{"start":{"line":16,"column":13},"end":{"line":16,"column":27}},"15":{"start":{"line":28,"column":32},"end":{"line":44,"column":2}},"16":{"start":{"line":28,"column":70},"end":{"line":44,"column":2}},"17":{"start":{"line":29,"column":19},"end":{"line":29,"column":42}},"18":{"start":{"line":30,"column":23},"end":{"line":30,"column":31}},"19":{"start":{"line":32,"column":24},"end":{"line":32,"column":88}},"20":{"start":{"line":34,"column":4},"end":{"line":38,"column":7}},"21":{"start":{"line":40,"column":4},"end":{"line":43,"column":7}},"22":{"start":{"line":28,"column":13},"end":{"line":28,"column":32}},"23":{"start":{"line":46,"column":30},"end":{"line":62,"column":2}},"24":{"start":{"line":46,"column":68},"end":{"line":62,"column":2}},"25":{"start":{"line":47,"column":19},"end":{"line":47,"column":42}},"26":{"start":{"line":48,"column":21},"end":{"line":48,"column":29}},"27":{"start":{"line":50,"column":24},"end":{"line":50,"column":84}},"28":{"start":{"line":52,"column":4},"end":{"line":56,"column":7}},"29":{"start":{"line":58,"column":4},"end":{"line":61,"column":7}},"30":{"start":{"line":46,"column":13},"end":{"line":46,"column":30}},"31":{"start":{"line":64,"column":26},"end":{"line":75,"column":2}},"32":{"start":{"line":64,"column":64},"end":{"line":75,"column":2}},"33":{"start":{"line":65,"column":19},"end":{"line":65,"column":42}},"34":{"start":{"line":67,"column":4},"end":{"line":67,"column":55}},"35":{"start":{"line":69,"column":4},"end":{"line":72,"column":7}},"36":{"start":{"line":74,"column":4},"end":{"line":74,"column":55}},"37":{"start":{"line":64,"column":13},"end":{"line":64,"column":26}}},"fnMap":{"0":{"name":"(anonymous_17)","decl":{"start":{"line":5,"column":27},"end":{"line":5,"column":34}},"loc":{"start":{"line":5,"column":65},"end":{"line":14,"column":2}}},"1":{"name":"(anonymous_18)","decl":{"start":{"line":5,"column":65},"end":{"line":5,"column":null}},"loc":{"start":{"line":5,"column":65},"end":{"line":14,"column":1}}},"2":{"name":"(anonymous_19)","decl":{"start":{"line":16,"column":27},"end":{"line":16,"column":34}},"loc":{"start":{"line":16,"column":65},"end":{"line":26,"column":2}}},"3":{"name":"(anonymous_20)","decl":{"start":{"line":16,"column":65},"end":{"line":16,"column":null}},"loc":{"start":{"line":16,"column":65},"end":{"line":26,"column":1}}},"4":{"name":"(anonymous_21)","decl":{"start":{"line":28,"column":32},"end":{"line":28,"column":39}},"loc":{"start":{"line":28,"column":70},"end":{"line":44,"column":2}}},"5":{"name":"(anonymous_22)","decl":{"start":{"line":28,"column":70},"end":{"line":28,"column":null}},"loc":{"start":{"line":28,"column":70},"end":{"line":44,"column":1}}},"6":{"name":"(anonymous_23)","decl":{"start":{"line":46,"column":30},"end":{"line":46,"column":37}},"loc":{"start":{"line":46,"column":68},"end":{"line":62,"column":2}}},"7":{"name":"(anonymous_24)","decl":{"start":{"line":46,"column":68},"end":{"line":46,"column":null}},"loc":{"start":{"line":46,"column":68},"end":{"line":62,"column":1}}},"8":{"name":"(anonymous_25)","decl":{"start":{"line":64,"column":26},"end":{"line":64,"column":33}},"loc":{"start":{"line":64,"column":64},"end":{"line":75,"column":2}}},"9":{"name":"(anonymous_26)","decl":{"start":{"line":64,"column":64},"end":{"line":64,"column":null}},"loc":{"start":{"line":64,"column":64},"end":{"line":75,"column":1}}}},"branchMap":{"0":{"loc":{"start":{"line":9,"column":17},"end":{"line":9,"column":33}},"type":"cond-expr","locations":[{"start":{"line":9,"column":25},"end":{"line":9,"column":27}},{"start":{"line":9,"column":25},"end":{"line":9,"column":33}}]},"1":{"loc":{"start":{"line":9,"column":17},"end":{"line":9,"column":27}},"type":"binary-expr","locations":[{"start":{"line":9,"column":17},"end":{"line":9,"column":27}},{"start":{"line":9,"column":25},"end":{"line":9,"column":27}}]},"2":{"loc":{"start":{"line":21,"column":17},"end":{"line":21,"column":33}},"type":"cond-expr","locations":[{"start":{"line":21,"column":25},"end":{"line":21,"column":27}},{"start":{"line":21,"column":25},"end":{"line":21,"column":33}}]},"3":{"loc":{"start":{"line":21,"column":17},"end":{"line":21,"column":27}},"type":"binary-expr","locations":[{"start":{"line":21,"column":17},"end":{"line":21,"column":27}},{"start":{"line":21,"column":25},"end":{"line":21,"column":27}}]},"4":{"loc":{"start":{"line":35,"column":17},"end":{"line":35,"column":33}},"type":"cond-expr","locations":[{"start":{"line":35,"column":25},"end":{"line":35,"column":27}},{"start":{"line":35,"column":25},"end":{"line":35,"column":33}}]},"5":{"loc":{"start":{"line":35,"column":17},"end":{"line":35,"column":27}},"type":"binary-expr","locations":[{"start":{"line":35,"column":17},"end":{"line":35,"column":27}},{"start":{"line":35,"column":25},"end":{"line":35,"column":27}}]},"6":{"loc":{"start":{"line":53,"column":17},"end":{"line":53,"column":33}},"type":"cond-expr","locations":[{"start":{"line":53,"column":25},"end":{"line":53,"column":27}},{"start":{"line":53,"column":25},"end":{"line":53,"column":33}}]},"7":{"loc":{"start":{"line":53,"column":17},"end":{"line":53,"column":27}},"type":"binary-expr","locations":[{"start":{"line":53,"column":17},"end":{"line":53,"column":27}},{"start":{"line":53,"column":25},"end":{"line":53,"column":27}}]},"8":{"loc":{"start":{"line":70,"column":17},"end":{"line":70,"column":33}},"type":"cond-expr","locations":[{"start":{"line":70,"column":25},"end":{"line":70,"column":27}},{"start":{"line":70,"column":25},"end":{"line":70,"column":33}}]},"9":{"loc":{"start":{"line":70,"column":17},"end":{"line":70,"column":27}},"type":"binary-expr","locations":[{"start":{"line":70,"column":17},"end":{"line":70,"column":27}},{"start":{"line":70,"column":25},"end":{"line":70,"column":27}}]}},"s":{"0":0,"1":0,"2":0,"3":0,"4":0,"5":0,"6":0,"7":0,"8":0,"9":0,"10":0,"11":0,"12":0,"13":0,"14":0,"15":0,"16":0,"17":0,"18":0,"19":0,"20":0,"21":0,"22":0,"23":0,"24":0,"25":0,"26":0,"27":0,"28":0,"29":0,"30":0,"31":0,"32":0,"33":0,"34":0,"35":0,"36":0,"37":0},"f":{"0":0,"1":0,"2":0,"3":0,"4":0,"5":0,"6":0,"7":0,"8":0,"9":0},"b":{"0":[0,0],"1":[0,0],"2":[0,0],"3":[0,0],"4":[0,0],"5":[0,0],"6":[0,0],"7":[0,0],"8":[0,0],"9":[0,0]}}
,"/Users/adrianbrandt/priv/web-chores/backend/src/controllers/userController.ts": {"path":"/Users/adrianbrandt/priv/web-chores/backend/src/controllers/userController.ts","statementMap":{"0":{"start":{"line":2,"column":0},"end":{"line":2,"column":55}},"1":{"start":{"line":3,"column":0},"end":{"line":3,"column":38}},"2":{"start":{"line":4,"column":0},"end":{"line":4,"column":42}},"3":{"start":{"line":5,"column":0},"end":{"line":5,"column":48}},"4":{"start":{"line":7,"column":24},"end":{"line":23,"column":2}},"5":{"start":{"line":7,"column":62},"end":{"line":23,"column":2}},"6":{"start":{"line":8,"column":21},"end":{"line":8,"column":29}},"7":{"start":{"line":9,"column":4},"end":{"line":9,"column":74}},"8":{"start":{"line":11,"column":19},"end":{"line":11,"column":72}},"9":{"start":{"line":13,"column":4},"end":{"line":16,"column":7}},"10":{"start":{"line":18,"column":4},"end":{"line":22,"column":7}},"11":{"start":{"line":7,"column":13},"end":{"line":7,"column":24}},"12":{"start":{"line":25,"column":21},"end":{"line":40,"column":2}},"13":{"start":{"line":25,"column":59},"end":{"line":40,"column":2}},"14":{"start":{"line":26,"column":37},"end":{"line":26,"column":45}},"15":{"start":{"line":28,"column":19},"end":{"line":28,"column":81}},"16":{"start":{"line":30,"column":4},"end":{"line":33,"column":7}},"17":{"start":{"line":35,"column":4},"end":{"line":39,"column":7}},"18":{"start":{"line":25,"column":13},"end":{"line":25,"column":21}},"19":{"start":{"line":42,"column":29},"end":{"line":53,"column":2}},"20":{"start":{"line":42,"column":67},"end":{"line":53,"column":2}},"21":{"start":{"line":43,"column":20},"end":{"line":43,"column":28}},"22":{"start":{"line":44,"column":19},"end":{"line":44,"column":35}},"23":{"start":{"line":46,"column":4},"end":{"line":48,"column":5}},"24":{"start":{"line":47,"column":8},"end":{"line":47,"column":61}},"25":{"start":{"line":50,"column":4},"end":{"line":50,"column":66}},"26":{"start":{"line":52,"column":4},"end":{"line":52,"column":59}},"27":{"start":{"line":42,"column":13},"end":{"line":42,"column":29}},"28":{"start":{"line":55,"column":34},"end":{"line":65,"column":2}},"29":{"start":{"line":55,"column":72},"end":{"line":65,"column":2}},"30":{"start":{"line":56,"column":19},"end":{"line":56,"column":35}},"31":{"start":{"line":58,"column":4},"end":{"line":60,"column":5}},"32":{"start":{"line":59,"column":8},"end":{"line":59,"column":61}},"33":{"start":{"line":62,"column":4},"end":{"line":62,"column":66}},"34":{"start":{"line":64,"column":4},"end":{"line":64,"column":67}},"35":{"start":{"line":55,"column":13},"end":{"line":55,"column":34}},"36":{"start":{"line":67,"column":36},"end":{"line":73,"column":2}},"37":{"start":{"line":67,"column":74},"end":{"line":73,"column":2}},"38":{"start":{"line":68,"column":27},"end":{"line":68,"column":35}},"39":{"start":{"line":70,"column":4},"end":{"line":70,"column":73}},"40":{"start":{"line":72,"column":4},"end":{"line":72,"column":79}},"41":{"start":{"line":67,"column":13},"end":{"line":67,"column":36}},"42":{"start":{"line":75,"column":29},"end":{"line":81,"column":2}},"43":{"start":{"line":75,"column":67},"end":{"line":81,"column":2}},"44":{"start":{"line":76,"column":47},"end":{"line":76,"column":55}},"45":{"start":{"line":78,"column":4},"end":{"line":78,"column":85}},"46":{"start":{"line":80,"column":4},"end":{"line":80,"column":66}},"47":{"start":{"line":75,"column":13},"end":{"line":75,"column":29}},"48":{"start":{"line":83,"column":26},"end":{"line":93,"column":2}},"49":{"start":{"line":83,"column":64},"end":{"line":93,"column":2}},"50":{"start":{"line":84,"column":19},"end":{"line":84,"column":35}},"51":{"start":{"line":86,"column":4},"end":{"line":88,"column":5}},"52":{"start":{"line":87,"column":8},"end":{"line":87,"column":61}},"53":{"start":{"line":90,"column":17},"end":{"line":90,"column":70}},"54":{"start":{"line":92,"column":4},"end":{"line":92,"column":19}},"55":{"start":{"line":83,"column":13},"end":{"line":83,"column":26}},"56":{"start":{"line":95,"column":29},"end":{"line":110,"column":2}},"57":{"start":{"line":95,"column":67},"end":{"line":110,"column":2}},"58":{"start":{"line":96,"column":19},"end":{"line":96,"column":35}},"59":{"start":{"line":98,"column":4},"end":{"line":100,"column":5}},"60":{"start":{"line":99,"column":8},"end":{"line":99,"column":61}},"61":{"start":{"line":102,"column":24},"end":{"line":102,"column":32}},"62":{"start":{"line":104,"column":24},"end":{"line":104,"column":93}},"63":{"start":{"line":106,"column":4},"end":{"line":109,"column":7}},"64":{"start":{"line":95,"column":13},"end":{"line":95,"column":29}},"65":{"start":{"line":112,"column":30},"end":{"line":124,"column":2}},"66":{"start":{"line":112,"column":68},"end":{"line":124,"column":2}},"67":{"start":{"line":113,"column":19},"end":{"line":113,"column":35}},"68":{"start":{"line":115,"column":4},"end":{"line":117,"column":5}},"69":{"start":{"line":116,"column":8},"end":{"line":116,"column":61}},"70":{"start":{"line":119,"column":45},"end":{"line":119,"column":53}},"71":{"start":{"line":121,"column":4},"end":{"line":121,"column":92}},"72":{"start":{"line":123,"column":4},"end":{"line":123,"column":59}},"73":{"start":{"line":112,"column":13},"end":{"line":112,"column":30}}},"fnMap":{"0":{"name":"(anonymous_17)","decl":{"start":{"line":7,"column":24},"end":{"line":7,"column":31}},"loc":{"start":{"line":7,"column":62},"end":{"line":23,"column":2}}},"1":{"name":"(anonymous_18)","decl":{"start":{"line":7,"column":62},"end":{"line":7,"column":null}},"loc":{"start":{"line":7,"column":62},"end":{"line":23,"column":1}}},"2":{"name":"(anonymous_19)","decl":{"start":{"line":25,"column":21},"end":{"line":25,"column":28}},"loc":{"start":{"line":25,"column":59},"end":{"line":40,"column":2}}},"3":{"name":"(anonymous_20)","decl":{"start":{"line":25,"column":59},"end":{"line":25,"column":null}},"loc":{"start":{"line":25,"column":59},"end":{"line":40,"column":1}}},"4":{"name":"(anonymous_21)","decl":{"start":{"line":42,"column":29},"end":{"line":42,"column":36}},"loc":{"start":{"line":42,"column":67},"end":{"line":53,"column":2}}},"5":{"name":"(anonymous_22)","decl":{"start":{"line":42,"column":67},"end":{"line":42,"column":null}},"loc":{"start":{"line":42,"column":67},"end":{"line":53,"column":1}}},"6":{"name":"(anonymous_23)","decl":{"start":{"line":55,"column":34},"end":{"line":55,"column":41}},"loc":{"start":{"line":55,"column":72},"end":{"line":65,"column":2}}},"7":{"name":"(anonymous_24)","decl":{"start":{"line":55,"column":72},"end":{"line":55,"column":null}},"loc":{"start":{"line":55,"column":72},"end":{"line":65,"column":1}}},"8":{"name":"(anonymous_25)","decl":{"start":{"line":67,"column":36},"end":{"line":67,"column":43}},"loc":{"start":{"line":67,"column":74},"end":{"line":73,"column":2}}},"9":{"name":"(anonymous_26)","decl":{"start":{"line":67,"column":74},"end":{"line":67,"column":null}},"loc":{"start":{"line":67,"column":74},"end":{"line":73,"column":1}}},"10":{"name":"(anonymous_27)","decl":{"start":{"line":75,"column":29},"end":{"line":75,"column":36}},"loc":{"start":{"line":75,"column":67},"end":{"line":81,"column":2}}},"11":{"name":"(anonymous_28)","decl":{"start":{"line":75,"column":67},"end":{"line":75,"column":null}},"loc":{"start":{"line":75,"column":67},"end":{"line":81,"column":1}}},"12":{"name":"(anonymous_29)","decl":{"start":{"line":83,"column":26},"end":{"line":83,"column":33}},"loc":{"start":{"line":83,"column":64},"end":{"line":93,"column":2}}},"13":{"name":"(anonymous_30)","decl":{"start":{"line":83,"column":64},"end":{"line":83,"column":null}},"loc":{"start":{"line":83,"column":64},"end":{"line":93,"column":1}}},"14":{"name":"(anonymous_31)","decl":{"start":{"line":95,"column":29},"end":{"line":95,"column":36}},"loc":{"start":{"line":95,"column":67},"end":{"line":110,"column":2}}},"15":{"name":"(anonymous_32)","decl":{"start":{"line":95,"column":67},"end":{"line":95,"column":null}},"loc":{"start":{"line":95,"column":67},"end":{"line":110,"column":1}}},"16":{"name":"(anonymous_33)","decl":{"start":{"line":112,"column":30},"end":{"line":112,"column":37}},"loc":{"start":{"line":112,"column":68},"end":{"line":124,"column":2}}},"17":{"name":"(anonymous_34)","decl":{"start":{"line":112,"column":68},"end":{"line":112,"column":null}},"loc":{"start":{"line":112,"column":68},"end":{"line":124,"column":1}}}},"branchMap":{"0":{"loc":{"start":{"line":44,"column":19},"end":{"line":44,"column":35}},"type":"cond-expr","locations":[{"start":{"line":44,"column":27},"end":{"line":44,"column":29}},{"start":{"line":44,"column":27},"end":{"line":44,"column":35}}]},"1":{"loc":{"start":{"line":44,"column":19},"end":{"line":44,"column":29}},"type":"binary-expr","locations":[{"start":{"line":44,"column":19},"end":{"line":44,"column":29}},{"start":{"line":44,"column":27},"end":{"line":44,"column":29}}]},"2":{"loc":{"start":{"line":46,"column":4},"end":{"line":48,"column":5}},"type":"if","locations":[{"start":{"line":46,"column":4},"end":{"line":48,"column":5}}]},"3":{"loc":{"start":{"line":56,"column":19},"end":{"line":56,"column":35}},"type":"cond-expr","locations":[{"start":{"line":56,"column":27},"end":{"line":56,"column":29}},{"start":{"line":56,"column":27},"end":{"line":56,"column":35}}]},"4":{"loc":{"start":{"line":56,"column":19},"end":{"line":56,"column":29}},"type":"binary-expr","locations":[{"start":{"line":56,"column":19},"end":{"line":56,"column":29}},{"start":{"line":56,"column":27},"end":{"line":56,"column":29}}]},"5":{"loc":{"start":{"line":58,"column":4},"end":{"line":60,"column":5}},"type":"if","locations":[{"start":{"line":58,"column":4},"end":{"line":60,"column":5}}]},"6":{"loc":{"start":{"line":84,"column":19},"end":{"line":84,"column":35}},"type":"cond-expr","locations":[{"start":{"line":84,"column":27},"end":{"line":84,"column":29}},{"start":{"line":84,"column":27},"end":{"line":84,"column":35}}]},"7":{"loc":{"start":{"line":84,"column":19},"end":{"line":84,"column":29}},"type":"binary-expr","locations":[{"start":{"line":84,"column":19},"end":{"line":84,"column":29}},{"start":{"line":84,"column":27},"end":{"line":84,"column":29}}]},"8":{"loc":{"start":{"line":86,"column":4},"end":{"line":88,"column":5}},"type":"if","locations":[{"start":{"line":86,"column":4},"end":{"line":88,"column":5}}]},"9":{"loc":{"start":{"line":96,"column":19},"end":{"line":96,"column":35}},"type":"cond-expr","locations":[{"start":{"line":96,"column":27},"end":{"line":96,"column":29}},{"start":{"line":96,"column":27},"end":{"line":96,"column":35}}]},"10":{"loc":{"start":{"line":96,"column":19},"end":{"line":96,"column":29}},"type":"binary-expr","locations":[{"start":{"line":96,"column":19},"end":{"line":96,"column":29}},{"start":{"line":96,"column":27},"end":{"line":96,"column":29}}]},"11":{"loc":{"start":{"line":98,"column":4},"end":{"line":100,"column":5}},"type":"if","locations":[{"start":{"line":98,"column":4},"end":{"line":100,"column":5}}]},"12":{"loc":{"start":{"line":113,"column":19},"end":{"line":113,"column":35}},"type":"cond-expr","locations":[{"start":{"line":113,"column":27},"end":{"line":113,"column":29}},{"start":{"line":113,"column":27},"end":{"line":113,"column":35}}]},"13":{"loc":{"start":{"line":113,"column":19},"end":{"line":113,"column":29}},"type":"binary-expr","locations":[{"start":{"line":113,"column":19},"end":{"line":113,"column":29}},{"start":{"line":113,"column":27},"end":{"line":113,"column":29}}]},"14":{"loc":{"start":{"line":115,"column":4},"end":{"line":117,"column":5}},"type":"if","locations":[{"start":{"line":115,"column":4},"end":{"line":117,"column":5}}]}},"s":{"0":0,"1":0,"2":0,"3":0,"4":0,"5":0,"6":0,"7":0,"8":0,"9":0,"10":0,"11":0,"12":0,"13":0,"14":0,"15":0,"16":0,"17":0,"18":0,"19":0,"20":0,"21":0,"22":0,"23":0,"24":0,"25":0,"26":0,"27":0,"28":0,"29":0,"30":0,"31":0,"32":0,"33":0,"34":0,"35":0,"36":0,"37":0,"38":0,"39":0,"40":0,"41":0,"42":0,"43":0,"44":0,"45":0,"46":0,"47":0,"48":0,"49":0,"50":0,"51":0,"52":0,"53":0,"54":0,"55":0,"56":0,"57":0,"58":0,"59":0,"60":0,"61":0,"62":0,"63":0,"64":0,"65":0,"66":0,"67":0,"68":0,"69":0,"70":0,"71":0,"72":0,"73":0},"f":{"0":0,"1":0,"2":0,"3":0,"4":0,"5":0,"6":0,"7":0,"8":0,"9":0,"10":0,"11":0,"12":0,"13":0,"14":0,"15":0,"16":0,"17":0},"b":{"0":[0,0],"1":[0,0],"2":[0],"3":[0,0],"4":[0,0],"5":[0],"6":[0,0],"7":[0,0],"8":[0],"9":[0,0],"10":[0,0],"11":[0],"12":[0,0],"13":[0,0],"14":[0]}}
,"/Users/adrianbrandt/priv/web-chores/backend/src/middleware/auth.ts": {"path":"/Users/adrianbrandt/priv/web-chores/backend/src/middleware/auth.ts","statementMap":{"0":{"start":{"line":2,"column":0},"end":{"line":2,"column":31}},"1":{"start":{"line":3,"column":0},"end":{"line":3,"column":28}},"2":{"start":{"line":7,"column":0},"end":{"line":7,"column":16}},"3":{"start":{"line":10,"column":19},"end":{"line":10,"column":71}},"4":{"start":{"line":12,"column":30},"end":{"line":26,"column":1}},"5":{"start":{"line":13,"column":18},"end":{"line":13,"column":44}},"6":{"start":{"line":15,"column":4},"end":{"line":18,"column":5}},"7":{"start":{"line":16,"column":8},"end":{"line":16,"column":76}},"8":{"start":{"line":17,"column":8},"end":{"line":17,"column":15}},"9":{"start":{"line":20,"column":4},"end":{"line":25,"column":5}},"10":{"start":{"line":21,"column":8},"end":{"line":21,"column":63}},"11":{"start":{"line":22,"column":8},"end":{"line":22,"column":15}},"12":{"start":{"line":24,"column":8},"end":{"line":24,"column":64}},"13":{"start":{"line":12,"column":13},"end":{"line":12,"column":30}},"14":{"start":{"line":28,"column":29},"end":{"line":42,"column":1}},"15":{"start":{"line":29,"column":4},"end":{"line":41,"column":6}},"16":{"start":{"line":30,"column":8},"end":{"line":33,"column":9}},"17":{"start":{"line":31,"column":12},"end":{"line":31,"column":70}},"18":{"start":{"line":32,"column":12},"end":{"line":32,"column":19}},"19":{"start":{"line":35,"column":8},"end":{"line":38,"column":9}},"20":{"start":{"line":36,"column":12},"end":{"line":36,"column":67}},"21":{"start":{"line":37,"column":12},"end":{"line":37,"column":19}},"22":{"start":{"line":40,"column":8},"end":{"line":40,"column":15}},"23":{"start":{"line":28,"column":13},"end":{"line":28,"column":29}}},"fnMap":{"0":{"name":"(anonymous_1)","decl":{"start":{"line":12,"column":30},"end":{"line":12,"column":31}},"loc":{"start":{"line":12,"column":82},"end":{"line":26,"column":1}}},"1":{"name":"(anonymous_2)","decl":{"start":{"line":28,"column":29},"end":{"line":28,"column":30}},"loc":{"start":{"line":28,"column":51},"end":{"line":42,"column":1}}},"2":{"name":"(anonymous_3)","decl":{"start":{"line":29,"column":11},"end":{"line":29,"column":12}},"loc":{"start":{"line":29,"column":63},"end":{"line":41,"column":5}}}},"branchMap":{"0":{"loc":{"start":{"line":10,"column":19},"end":{"line":10,"column":71}},"type":"binary-expr","locations":[{"start":{"line":10,"column":19},"end":{"line":10,"column":41}},{"start":{"line":10,"column":45},"end":{"line":10,"column":71}}]},"1":{"loc":{"start":{"line":15,"column":4},"end":{"line":18,"column":5}},"type":"if","locations":[{"start":{"line":15,"column":4},"end":{"line":18,"column":5}}]},"2":{"loc":{"start":{"line":30,"column":8},"end":{"line":33,"column":9}},"type":"if","locations":[{"start":{"line":30,"column":8},"end":{"line":33,"column":9}}]},"3":{"loc":{"start":{"line":35,"column":8},"end":{"line":38,"column":9}},"type":"if","locations":[{"start":{"line":35,"column":8},"end":{"line":38,"column":9}}]}},"s":{"0":1,"1":1,"2":1,"3":1,"4":1,"5":3,"6":3,"7":1,"8":1,"9":2,"10":2,"11":1,"12":1,"13":1,"14":1,"15":3,"16":3,"17":1,"18":1,"19":2,"20":1,"21":1,"22":1,"23":1},"f":{"0":3,"1":3,"2":3},"b":{"0":[1,0],"1":[1],"2":[1],"3":[1]}}
,"/Users/adrianbrandt/priv/web-chores/backend/src/middleware/context.ts": {"path":"/Users/adrianbrandt/priv/web-chores/backend/src/middleware/context.ts","statementMap":{"0":{"start":{"line":2,"column":0},"end":{"line":2,"column":39}},"1":{"start":{"line":4,"column":33},"end":{"line":7,"column":1}},"2":{"start":{"line":5,"column":4},"end":{"line":5,"column":29}},"3":{"start":{"line":6,"column":4},"end":{"line":6,"column":11}},"4":{"start":{"line":4,"column":13},"end":{"line":4,"column":33}}},"fnMap":{"0":{"name":"(anonymous_0)","decl":{"start":{"line":4,"column":33},"end":{"line":4,"column":34}},"loc":{"start":{"line":4,"column":85},"end":{"line":7,"column":1}}}},"branchMap":{},"s":{"0":1,"1":1,"2":1,"3":1,"4":1},"f":{"0":1},"b":{}}
,"/Users/adrianbrandt/priv/web-chores/backend/src/middleware/errorMiddleware.ts": {"path":"/Users/adrianbrandt/priv/web-chores/backend/src/middleware/errorMiddleware.ts","statementMap":{"0":{"start":{"line":2,"column":0},"end":{"line":2,"column":38}},"1":{"start":{"line":3,"column":0},"end":{"line":3,"column":44}},"2":{"start":{"line":5,"column":31},"end":{"line":41,"column":1}},"3":{"start":{"line":10,"column":4},"end":{"line":25,"column":5}},"4":{"start":{"line":11,"column":8},"end":{"line":17,"column":11}},"5":{"start":{"line":19,"column":8},"end":{"line":24,"column":11}},"6":{"start":{"line":27,"column":4},"end":{"line":32,"column":7}},"7":{"start":{"line":34,"column":4},"end":{"line":40,"column":7}},"8":{"start":{"line":5,"column":13},"end":{"line":5,"column":31}}},"fnMap":{"0":{"name":"(anonymous_1)","decl":{"start":{"line":5,"column":31},"end":{"line":5,"column":null}},"loc":{"start":{"line":9,"column":4},"end":{"line":41,"column":1}}}},"branchMap":{"0":{"loc":{"start":{"line":10,"column":4},"end":{"line":25,"column":5}},"type":"if","locations":[{"start":{"line":10,"column":4},"end":{"line":25,"column":5}}]},"1":{"loc":{"start":{"line":22,"column":16},"end":{"line":22,"column":61}},"type":"binary-expr","locations":[{"start":{"line":22,"column":16},"end":{"line":22,"column":29}},{"start":{"line":22,"column":33},"end":{"line":22,"column":61}}]},"2":{"loc":{"start":{"line":23,"column":16},"end":{"line":23,"column":78}},"type":"binary-expr","locations":[{"start":{"line":23,"column":16},"end":{"line":23,"column":54}},{"start":{"line":23,"column":58},"end":{"line":23,"column":78}}]},"3":{"loc":{"start":{"line":36,"column":17},"end":{"line":38,"column":36}},"type":"cond-expr","locations":[{"start":{"line":37,"column":14},"end":{"line":37,"column":25}},{"start":{"line":38,"column":14},"end":{"line":38,"column":36}}]},"4":{"loc":{"start":{"line":39,"column":12},"end":{"line":39,"column":74}},"type":"binary-expr","locations":[{"start":{"line":39,"column":12},"end":{"line":39,"column":50}},{"start":{"line":39,"column":54},"end":{"line":39,"column":74}}]}},"s":{"0":1,"1":1,"2":1,"3":4,"4":1,"5":1,"6":4,"7":4,"8":1},"f":{"0":4},"b":{"0":[1],"1":[1,1],"2":[1,0],"3":[1,3],"4":[4,1]}}
,"/Users/adrianbrandt/priv/web-chores/backend/src/middleware/httpLogger.ts": {"path":"/Users/adrianbrandt/priv/web-chores/backend/src/middleware/httpLogger.ts","statementMap":{"0":{"start":{"line":1,"column":0},"end":{"line":1,"column":28}},"1":{"start":{"line":2,"column":0},"end":{"line":2,"column":44}},"2":{"start":{"line":4,"column":19},"end":{"line":4,"column":60}},"3":{"start":{"line":6,"column":0},"end":{"line":6,"column":26}}},"fnMap":{},"branchMap":{},"s":{"0":1,"1":1,"2":1,"3":1},"f":{},"b":{}}
,"/Users/adrianbrandt/priv/web-chores/backend/src/routes/adminRoutes.ts": {"path":"/Users/adrianbrandt/priv/web-chores/backend/src/routes/adminRoutes.ts","statementMap":{"0":{"start":{"line":1,"column":0},"end":{"line":1,"column":30}},"1":{"start":{"line":2,"column":0},"end":{"line":2,"column":66}},"2":{"start":{"line":3,"column":0},"end":{"line":3,"column":46}},"3":{"start":{"line":4,"column":0},"end":{"line":4,"column":60}},"4":{"start":{"line":7,"column":15},"end":{"line":7,"column":31}},"5":{"start":{"line":9,"column":0},"end":{"line":13,"column":2}},"6":{"start":{"line":15,"column":0},"end":{"line":19,"column":2}},"7":{"start":{"line":21,"column":0},"end":{"line":25,"column":2}},"8":{"start":{"line":27,"column":0},"end":{"line":31,"column":2}},"9":{"start":{"line":33,"column":0},"end":{"line":37,"column":2}},"10":{"start":{"line":39,"column":0},"end":{"line":39,"column":22}}},"fnMap":{},"branchMap":{},"s":{"0":0,"1":0,"2":0,"3":0,"4":0,"5":0,"6":0,"7":0,"8":0,"9":0,"10":0},"f":{},"b":{}}
,"/Users/adrianbrandt/priv/web-chores/backend/src/routes/index.ts": {"path":"/Users/adrianbrandt/priv/web-chores/backend/src/routes/index.ts","statementMap":{"0":{"start":{"line":1,"column":0},"end":{"line":1,"column":30}},"1":{"start":{"line":2,"column":0},"end":{"line":2,"column":45}},"2":{"start":{"line":3,"column":0},"end":{"line":3,"column":47}},"3":{"start":{"line":4,"column":0},"end":{"line":4,"column":30}},"4":{"start":{"line":6,"column":15},"end":{"line":6,"column":31}},"5":{"start":{"line":9,"column":0},"end":{"line":9,"column":33}},"6":{"start":{"line":10,"column":0},"end":{"line":10,"column":34}},"7":{"start":{"line":13,"column":0},"end":{"line":15,"column":3}},"8":{"start":{"line":14,"column":4},"end":{"line":14,"column":56}},"9":{"start":{"line":18,"column":0},"end":{"line":37,"column":3}},"10":{"start":{"line":18,"column":42},"end":{"line":37,"column":2}},"11":{"start":{"line":19,"column":4},"end":{"line":36,"column":5}},"12":{"start":{"line":24,"column":23},"end":{"line":24,"column":73}},"13":{"start":{"line":26,"column":8},"end":{"line":29,"column":11}},"14":{"start":{"line":31,"column":8},"end":{"line":31,"column":59}},"15":{"start":{"line":32,"column":8},"end":{"line":35,"column":11}},"16":{"start":{"line":39,"column":0},"end":{"line":39,"column":22}}},"fnMap":{"0":{"name":"(anonymous_8)","decl":{"start":{"line":13,"column":16},"end":{"line":13,"column":17}},"loc":{"start":{"line":13,"column":29},"end":{"line":15,"column":1}}},"1":{"name":"(anonymous_9)","decl":{"start":{"line":18,"column":23},"end":{"line":18,"column":30}},"loc":{"start":{"line":18,"column":42},"end":{"line":37,"column":2}}},"2":{"name":"(anonymous_10)","decl":{"start":{"line":18,"column":42},"end":{"line":18,"column":null}},"loc":{"start":{"line":18,"column":42},"end":{"line":37,"column":1}}}},"branchMap":{"0":{"loc":{"start":{"line":34,"column":19},"end":{"line":34,"column":75}},"type":"cond-expr","locations":[{"start":{"line":34,"column":44},"end":{"line":34,"column":57}},{"start":{"line":34,"column":60},"end":{"line":34,"column":75}}]}},"s":{"0":0,"1":0,"2":0,"3":0,"4":0,"5":0,"6":0,"7":0,"8":0,"9":0,"10":0,"11":0,"12":0,"13":0,"14":0,"15":0,"16":0},"f":{"0":0,"1":0,"2":0},"b":{"0":[0,0]}}
,"/Users/adrianbrandt/priv/web-chores/backend/src/routes/userRoutes.ts": {"path":"/Users/adrianbrandt/priv/web-chores/backend/src/routes/userRoutes.ts","statementMap":{"0":{"start":{"line":1,"column":0},"end":{"line":1,"column":30}},"1":{"start":{"line":2,"column":0},"end":{"line":2,"column":51}},"2":{"start":{"line":4,"column":0},"end":{"line":4,"column":59}},"3":{"start":{"line":7,"column":15},"end":{"line":7,"column":31}},"4":{"start":{"line":9,"column":0},"end":{"line":9,"column":46}},"5":{"start":{"line":10,"column":0},"end":{"line":10,"column":40}},"6":{"start":{"line":11,"column":0},"end":{"line":11,"column":72}},"7":{"start":{"line":12,"column":0},"end":{"line":12,"column":63}},"8":{"start":{"line":14,"column":0},"end":{"line":14,"column":65}},"9":{"start":{"line":15,"column":0},"end":{"line":15,"column":77}},"10":{"start":{"line":16,"column":0},"end":{"line":16,"column":62}},"11":{"start":{"line":17,"column":0},"end":{"line":17,"column":65}},"12":{"start":{"line":18,"column":0},"end":{"line":18,"column":75}},"13":{"start":{"line":20,"column":0},"end":{"line":20,"column":22}}},"fnMap":{},"branchMap":{},"s":{"0":0,"1":0,"2":0,"3":0,"4":0,"5":0,"6":0,"7":0,"8":0,"9":0,"10":0,"11":0,"12":0,"13":0},"f":{},"b":{}}
,"/Users/adrianbrandt/priv/web-chores/backend/src/services/adminService.ts": {"path":"/Users/adrianbrandt/priv/web-chores/backend/src/services/adminService.ts","statementMap":{"0":{"start":{"line":2,"column":0},"end":{"line":2,"column":61}},"1":{"start":{"line":3,"column":0},"end":{"line":3,"column":42}},"2":{"start":{"line":4,"column":0},"end":{"line":4,"column":48}},"3":{"start":{"line":6,"column":27},"end":{"line":22,"column":2}},"4":{"start":{"line":6,"column":57},"end":{"line":22,"column":2}},"5":{"start":{"line":7,"column":4},"end":{"line":21,"column":7}},"6":{"start":{"line":6,"column":13},"end":{"line":6,"column":27}},"7":{"start":{"line":24,"column":27},"end":{"line":52,"column":2}},"8":{"start":{"line":24,"column":73},"end":{"line":52,"column":2}},"9":{"start":{"line":25,"column":4},"end":{"line":27,"column":5}},"10":{"start":{"line":26,"column":8},"end":{"line":26,"column":56}},"11":{"start":{"line":29,"column":17},"end":{"line":45,"column":6}},"12":{"start":{"line":47,"column":4},"end":{"line":49,"column":5}},"13":{"start":{"line":48,"column":8},"end":{"line":48,"column":53}},"14":{"start":{"line":51,"column":4},"end":{"line":51,"column":16}},"15":{"start":{"line":24,"column":13},"end":{"line":24,"column":27}},"16":{"start":{"line":54,"column":32},"end":{"line":80,"column":2}},"17":{"start":{"line":54,"column":101},"end":{"line":80,"column":2}},"18":{"start":{"line":55,"column":4},"end":{"line":57,"column":5}},"19":{"start":{"line":56,"column":8},"end":{"line":56,"column":56}},"20":{"start":{"line":59,"column":4},"end":{"line":61,"column":5}},"21":{"start":{"line":60,"column":8},"end":{"line":60,"column":60}},"22":{"start":{"line":63,"column":17},"end":{"line":65,"column":6}},"23":{"start":{"line":67,"column":4},"end":{"line":69,"column":5}},"24":{"start":{"line":68,"column":8},"end":{"line":68,"column":53}},"25":{"start":{"line":71,"column":4},"end":{"line":79,"column":7}},"26":{"start":{"line":54,"column":13},"end":{"line":54,"column":32}},"27":{"start":{"line":82,"column":30},"end":{"line":108,"column":2}},"28":{"start":{"line":82,"column":92},"end":{"line":108,"column":2}},"29":{"start":{"line":83,"column":4},"end":{"line":85,"column":5}},"30":{"start":{"line":84,"column":8},"end":{"line":84,"column":56}},"31":{"start":{"line":87,"column":4},"end":{"line":89,"column":5}},"32":{"start":{"line":88,"column":8},"end":{"line":88,"column":58}},"33":{"start":{"line":91,"column":17},"end":{"line":93,"column":6}},"34":{"start":{"line":95,"column":4},"end":{"line":97,"column":5}},"35":{"start":{"line":96,"column":8},"end":{"line":96,"column":53}},"36":{"start":{"line":99,"column":4},"end":{"line":107,"column":7}},"37":{"start":{"line":82,"column":13},"end":{"line":82,"column":30}},"38":{"start":{"line":110,"column":26},"end":{"line":128,"column":2}},"39":{"start":{"line":110,"column":72},"end":{"line":128,"column":2}},"40":{"start":{"line":111,"column":4},"end":{"line":113,"column":5}},"41":{"start":{"line":112,"column":8},"end":{"line":112,"column":56}},"42":{"start":{"line":115,"column":17},"end":{"line":117,"column":6}},"43":{"start":{"line":119,"column":4},"end":{"line":121,"column":5}},"44":{"start":{"line":120,"column":8},"end":{"line":120,"column":53}},"45":{"start":{"line":123,"column":4},"end":{"line":125,"column":7}},"46":{"start":{"line":127,"column":4},"end":{"line":127,"column":16}},"47":{"start":{"line":110,"column":13},"end":{"line":110,"column":26}}},"fnMap":{"0":{"name":"(anonymous_7)","decl":{"start":{"line":6,"column":27},"end":{"line":6,"column":34}},"loc":{"start":{"line":6,"column":57},"end":{"line":22,"column":2}}},"1":{"name":"(anonymous_8)","decl":{"start":{"line":6,"column":57},"end":{"line":6,"column":null}},"loc":{"start":{"line":6,"column":57},"end":{"line":22,"column":1}}},"2":{"name":"(anonymous_9)","decl":{"start":{"line":24,"column":27},"end":{"line":24,"column":34}},"loc":{"start":{"line":24,"column":73},"end":{"line":52,"column":2}}},"3":{"name":"(anonymous_10)","decl":{"start":{"line":24,"column":73},"end":{"line":24,"column":null}},"loc":{"start":{"line":24,"column":73},"end":{"line":52,"column":1}}},"4":{"name":"(anonymous_11)","decl":{"start":{"line":54,"column":32},"end":{"line":54,"column":39}},"loc":{"start":{"line":54,"column":101},"end":{"line":80,"column":2}}},"5":{"name":"(anonymous_12)","decl":{"start":{"line":54,"column":101},"end":{"line":54,"column":null}},"loc":{"start":{"line":54,"column":101},"end":{"line":80,"column":1}}},"6":{"name":"(anonymous_13)","decl":{"start":{"line":82,"column":30},"end":{"line":82,"column":37}},"loc":{"start":{"line":82,"column":92},"end":{"line":108,"column":2}}},"7":{"name":"(anonymous_14)","decl":{"start":{"line":82,"column":92},"end":{"line":82,"column":null}},"loc":{"start":{"line":82,"column":92},"end":{"line":108,"column":1}}},"8":{"name":"(anonymous_15)","decl":{"start":{"line":110,"column":26},"end":{"line":110,"column":33}},"loc":{"start":{"line":110,"column":72},"end":{"line":128,"column":2}}},"9":{"name":"(anonymous_16)","decl":{"start":{"line":110,"column":72},"end":{"line":110,"column":null}},"loc":{"start":{"line":110,"column":72},"end":{"line":128,"column":1}}}},"branchMap":{"0":{"loc":{"start":{"line":25,"column":4},"end":{"line":27,"column":5}},"type":"if","locations":[{"start":{"line":25,"column":4},"end":{"line":27,"column":5}}]},"1":{"loc":{"start":{"line":47,"column":4},"end":{"line":49,"column":5}},"type":"if","locations":[{"start":{"line":47,"column":4},"end":{"line":49,"column":5}}]},"2":{"loc":{"start":{"line":55,"column":4},"end":{"line":57,"column":5}},"type":"if","locations":[{"start":{"line":55,"column":4},"end":{"line":57,"column":5}}]},"3":{"loc":{"start":{"line":59,"column":4},"end":{"line":61,"column":5}},"type":"if","locations":[{"start":{"line":59,"column":4},"end":{"line":61,"column":5}}]},"4":{"loc":{"start":{"line":67,"column":4},"end":{"line":69,"column":5}},"type":"if","locations":[{"start":{"line":67,"column":4},"end":{"line":69,"column":5}}]},"5":{"loc":{"start":{"line":83,"column":4},"end":{"line":85,"column":5}},"type":"if","locations":[{"start":{"line":83,"column":4},"end":{"line":85,"column":5}}]},"6":{"loc":{"start":{"line":87,"column":4},"end":{"line":89,"column":5}},"type":"if","locations":[{"start":{"line":87,"column":4},"end":{"line":89,"column":5}}]},"7":{"loc":{"start":{"line":95,"column":4},"end":{"line":97,"column":5}},"type":"if","locations":[{"start":{"line":95,"column":4},"end":{"line":97,"column":5}}]},"8":{"loc":{"start":{"line":111,"column":4},"end":{"line":113,"column":5}},"type":"if","locations":[{"start":{"line":111,"column":4},"end":{"line":113,"column":5}}]},"9":{"loc":{"start":{"line":119,"column":4},"end":{"line":121,"column":5}},"type":"if","locations":[{"start":{"line":119,"column":4},"end":{"line":121,"column":5}}]}},"s":{"0":1,"1":1,"2":1,"3":1,"4":1,"5":1,"6":1,"7":1,"8":3,"9":3,"10":1,"11":2,"12":2,"13":1,"14":1,"15":1,"16":1,"17":4,"18":4,"19":1,"20":3,"21":1,"22":2,"23":2,"24":1,"25":1,"26":1,"27":1,"28":4,"29":4,"30":1,"31":3,"32":1,"33":2,"34":2,"35":1,"36":1,"37":1,"38":1,"39":3,"40":3,"41":1,"42":2,"43":2,"44":1,"45":1,"46":1,"47":1},"f":{"0":1,"1":1,"2":3,"3":3,"4":4,"5":4,"6":4,"7":4,"8":3,"9":3},"b":{"0":[1],"1":[1],"2":[1],"3":[1],"4":[1],"5":[1],"6":[1],"7":[1],"8":[1],"9":[1]}}
,"/Users/adrianbrandt/priv/web-chores/backend/src/services/userService.ts": {"path":"/Users/adrianbrandt/priv/web-chores/backend/src/services/userService.ts","statementMap":{"0":{"start":{"line":2,"column":0},"end":{"line":2,"column":28}},"1":{"start":{"line":3,"column":0},"end":{"line":3,"column":31}},"2":{"start":{"line":4,"column":0},"end":{"line":4,"column":28}},"3":{"start":{"line":5,"column":0},"end":{"line":5,"column":40}},"4":{"start":{"line":6,"column":0},"end":{"line":6,"column":96}},"5":{"start":{"line":7,"column":0},"end":{"line":7,"column":49}},"6":{"start":{"line":9,"column":0},"end":{"line":9,"column":16}},"7":{"start":{"line":11,"column":21},"end":{"line":11,"column":56}},"8":{"start":{"line":11,"column":27},"end":{"line":11,"column":56}},"9":{"start":{"line":13,"column":27},"end":{"line":13,"column":29}},"10":{"start":{"line":15,"column":20},"end":{"line":17,"column":1}},"11":{"start":{"line":16,"column":4},"end":{"line":16,"column":66}},"12":{"start":{"line":19,"column":16},"end":{"line":26,"column":2}},"13":{"start":{"line":19,"column":69},"end":{"line":26,"column":2}},"14":{"start":{"line":20,"column":4},"end":{"line":24,"column":5}},"15":{"start":{"line":21,"column":8},"end":{"line":21,"column":68}},"16":{"start":{"line":23,"column":8},"end":{"line":23,"column":66}},"17":{"start":{"line":25,"column":4},"end":{"line":25,"column":16}},"18":{"start":{"line":28,"column":29},"end":{"line":30,"column":1}},"19":{"start":{"line":29,"column":4},"end":{"line":29,"column":66}},"20":{"start":{"line":28,"column":13},"end":{"line":28,"column":29}},"21":{"start":{"line":32,"column":28},"end":{"line":96,"column":2}},"22":{"start":{"line":38,"column":5},"end":{"line":96,"column":2}},"23":{"start":{"line":39,"column":61},"end":{"line":39,"column":69}},"24":{"start":{"line":41,"column":4},"end":{"line":43,"column":5}},"25":{"start":{"line":42,"column":8},"end":{"line":42,"column":68}},"26":{"start":{"line":45,"column":25},"end":{"line":53,"column":6}},"27":{"start":{"line":55,"column":4},"end":{"line":57,"column":5}},"28":{"start":{"line":56,"column":8},"end":{"line":56,"column":58}},"29":{"start":{"line":59,"column":17},"end":{"line":59,"column":41}},"30":{"start":{"line":60,"column":27},"end":{"line":60,"column":60}},"31":{"start":{"line":62,"column":16},"end":{"line":62,"column":29}},"32":{"start":{"line":63,"column":32},"end":{"line":63,"column":85}},"33":{"start":{"line":65,"column":17},"end":{"line":75,"column":6}},"34":{"start":{"line":77,"column":4},"end":{"line":81,"column":5}},"35":{"start":{"line":78,"column":8},"end":{"line":78,"column":74}},"36":{"start":{"line":79,"column":11},"end":{"line":81,"column":5}},"37":{"start":{"line":80,"column":8},"end":{"line":80,"column":78}},"38":{"start":{"line":83,"column":20},"end":{"line":87,"column":6}},"39":{"start":{"line":89,"column":18},"end":{"line":89,"column":40}},"40":{"start":{"line":91,"column":4},"end":{"line":95,"column":6}},"41":{"start":{"line":32,"column":13},"end":{"line":32,"column":28}},"42":{"start":{"line":98,"column":25},"end":{"line":144,"column":2}},"43":{"start":{"line":98,"column":93},"end":{"line":144,"column":2}},"44":{"start":{"line":99,"column":4},"end":{"line":101,"column":5}},"45":{"start":{"line":100,"column":8},"end":{"line":100,"column":118}},"46":{"start":{"line":103,"column":17},"end":{"line":111,"column":6}},"47":{"start":{"line":113,"column":4},"end":{"line":115,"column":5}},"48":{"start":{"line":114,"column":8},"end":{"line":114,"column":65}},"49":{"start":{"line":117,"column":20},"end":{"line":117,"column":65}},"50":{"start":{"line":118,"column":4},"end":{"line":120,"column":5}},"51":{"start":{"line":119,"column":8},"end":{"line":119,"column":65}},"52":{"start":{"line":122,"column":4},"end":{"line":124,"column":5}},"53":{"start":{"line":123,"column":8},"end":{"line":123,"column":94}},"54":{"start":{"line":126,"column":4},"end":{"line":129,"column":7}},"55":{"start":{"line":131,"column":20},"end":{"line":135,"column":6}},"56":{"start":{"line":137,"column":18},"end":{"line":137,"column":40}},"57":{"start":{"line":139,"column":4},"end":{"line":143,"column":6}},"58":{"start":{"line":98,"column":13},"end":{"line":98,"column":25}},"59":{"start":{"line":146,"column":33},"end":{"line":179,"column":2}},"60":{"start":{"line":146,"column":92},"end":{"line":179,"column":2}},"61":{"start":{"line":147,"column":4},"end":{"line":149,"column":5}},"62":{"start":{"line":148,"column":8},"end":{"line":148,"column":66}},"63":{"start":{"line":151,"column":17},"end":{"line":153,"column":6}},"64":{"start":{"line":155,"column":4},"end":{"line":157,"column":5}},"65":{"start":{"line":156,"column":8},"end":{"line":156,"column":53}},"66":{"start":{"line":159,"column":4},"end":{"line":161,"column":5}},"67":{"start":{"line":160,"column":8},"end":{"line":160,"column":77}},"68":{"start":{"line":163,"column":4},"end":{"line":165,"column":5}},"69":{"start":{"line":164,"column":8},"end":{"line":164,"column":66}},"70":{"start":{"line":167,"column":4},"end":{"line":169,"column":5}},"71":{"start":{"line":168,"column":8},"end":{"line":168,"column":66}},"72":{"start":{"line":171,"column":4},"end":{"line":178,"column":7}},"73":{"start":{"line":146,"column":13},"end":{"line":146,"column":33}},"74":{"start":{"line":181,"column":38},"end":{"line":212,"column":2}},"75":{"start":{"line":181,"column":84},"end":{"line":212,"column":2}},"76":{"start":{"line":182,"column":17},"end":{"line":184,"column":6}},"77":{"start":{"line":186,"column":4},"end":{"line":188,"column":5}},"78":{"start":{"line":187,"column":8},"end":{"line":187,"column":53}},"79":{"start":{"line":190,"column":4},"end":{"line":192,"column":5}},"80":{"start":{"line":191,"column":8},"end":{"line":191,"column":77}},"81":{"start":{"line":194,"column":16},"end":{"line":194,"column":29}},"82":{"start":{"line":195,"column":32},"end":{"line":195,"column":85}},"83":{"start":{"line":197,"column":4},"end":{"line":203,"column":7}},"84":{"start":{"line":205,"column":4},"end":{"line":209,"column":5}},"85":{"start":{"line":206,"column":8},"end":{"line":206,"column":81}},"86":{"start":{"line":207,"column":11},"end":{"line":209,"column":5}},"87":{"start":{"line":208,"column":8},"end":{"line":208,"column":85}},"88":{"start":{"line":211,"column":4},"end":{"line":211,"column":16}},"89":{"start":{"line":181,"column":13},"end":{"line":181,"column":38}},"90":{"start":{"line":214,"column":41},"end":{"line":251,"column":2}},"91":{"start":{"line":214,"column":91},"end":{"line":251,"column":2}},"92":{"start":{"line":215,"column":4},"end":{"line":217,"column":5}},"93":{"start":{"line":216,"column":8},"end":{"line":216,"column":72}},"94":{"start":{"line":219,"column":17},"end":{"line":227,"column":6}},"95":{"start":{"line":229,"column":4},"end":{"line":231,"column":5}},"96":{"start":{"line":230,"column":8},"end":{"line":230,"column":20}},"97":{"start":{"line":233,"column":16},"end":{"line":233,"column":29}},"98":{"start":{"line":234,"column":25},"end":{"line":234,"column":78}},"99":{"start":{"line":236,"column":4},"end":{"line":242,"column":7}},"100":{"start":{"line":244,"column":4},"end":{"line":248,"column":5}},"101":{"start":{"line":245,"column":8},"end":{"line":245,"column":81}},"102":{"start":{"line":246,"column":11},"end":{"line":248,"column":5}},"103":{"start":{"line":247,"column":8},"end":{"line":247,"column":85}},"104":{"start":{"line":250,"column":4},"end":{"line":250,"column":16}},"105":{"start":{"line":214,"column":13},"end":{"line":214,"column":41}},"106":{"start":{"line":253,"column":33},"end":{"line":291,"column":2}},"107":{"start":{"line":253,"column":119},"end":{"line":291,"column":2}},"108":{"start":{"line":254,"column":4},"end":{"line":256,"column":5}},"109":{"start":{"line":255,"column":8},"end":{"line":255,"column":104}},"110":{"start":{"line":258,"column":17},"end":{"line":266,"column":6}},"111":{"start":{"line":268,"column":4},"end":{"line":270,"column":5}},"112":{"start":{"line":269,"column":8},"end":{"line":269,"column":67}},"113":{"start":{"line":272,"column":4},"end":{"line":274,"column":5}},"114":{"start":{"line":273,"column":8},"end":{"line":273,"column":72}},"115":{"start":{"line":276,"column":4},"end":{"line":278,"column":5}},"116":{"start":{"line":277,"column":8},"end":{"line":277,"column":72}},"117":{"start":{"line":280,"column":17},"end":{"line":280,"column":41}},"118":{"start":{"line":281,"column":27},"end":{"line":281,"column":63}},"119":{"start":{"line":283,"column":4},"end":{"line":290,"column":7}},"120":{"start":{"line":253,"column":13},"end":{"line":253,"column":33}},"121":{"start":{"line":293,"column":30},"end":{"line":317,"column":2}},"122":{"start":{"line":293,"column":76},"end":{"line":317,"column":2}},"123":{"start":{"line":294,"column":17},"end":{"line":310,"column":6}},"124":{"start":{"line":312,"column":4},"end":{"line":314,"column":5}},"125":{"start":{"line":313,"column":8},"end":{"line":313,"column":53}},"126":{"start":{"line":316,"column":4},"end":{"line":316,"column":16}},"127":{"start":{"line":293,"column":13},"end":{"line":293,"column":30}},"128":{"start":{"line":319,"column":33},"end":{"line":372,"column":2}},"129":{"start":{"line":325,"column":5},"end":{"line":372,"column":2}},"130":{"start":{"line":326,"column":62},"end":{"line":326,"column":73}},"131":{"start":{"line":328,"column":4},"end":{"line":345,"column":5}},"132":{"start":{"line":329,"column":29},"end":{"line":340,"column":10}},"133":{"start":{"line":342,"column":8},"end":{"line":344,"column":9}},"134":{"start":{"line":343,"column":12},"end":{"line":343,"column":64}},"135":{"start":{"line":347,"column":28},"end":{"line":347,"column":30}},"136":{"start":{"line":348,"column":4},"end":{"line":348,"column":37}},"137":{"start":{"line":348,"column":14},"end":{"line":348,"column":37}},"138":{"start":{"line":349,"column":4},"end":{"line":349,"column":49}},"139":{"start":{"line":349,"column":18},"end":{"line":349,"column":49}},"140":{"start":{"line":350,"column":4},"end":{"line":350,"column":40}},"141":{"start":{"line":350,"column":15},"end":{"line":350,"column":40}},"142":{"start":{"line":351,"column":4},"end":{"line":351,"column":58}},"143":{"start":{"line":351,"column":21},"end":{"line":351,"column":58}},"144":{"start":{"line":352,"column":4},"end":{"line":352,"column":52}},"145":{"start":{"line":352,"column":19},"end":{"line":352,"column":52}},"146":{"start":{"line":354,"column":4},"end":{"line":371,"column":7}},"147":{"start":{"line":319,"column":13},"end":{"line":319,"column":33}},"148":{"start":{"line":374,"column":34},"end":{"line":401,"column":2}},"149":{"start":{"line":374,"column":126},"end":{"line":401,"column":2}},"150":{"start":{"line":375,"column":4},"end":{"line":377,"column":5}},"151":{"start":{"line":376,"column":8},"end":{"line":376,"column":109}},"152":{"start":{"line":379,"column":17},"end":{"line":381,"column":6}},"153":{"start":{"line":383,"column":4},"end":{"line":385,"column":5}},"154":{"start":{"line":384,"column":8},"end":{"line":384,"column":53}},"155":{"start":{"line":387,"column":20},"end":{"line":387,"column":72}},"156":{"start":{"line":388,"column":4},"end":{"line":390,"column":5}},"157":{"start":{"line":389,"column":8},"end":{"line":389,"column":71}},"158":{"start":{"line":392,"column":17},"end":{"line":392,"column":41}},"159":{"start":{"line":393,"column":27},"end":{"line":393,"column":63}},"160":{"start":{"line":395,"column":4},"end":{"line":398,"column":7}},"161":{"start":{"line":400,"column":4},"end":{"line":400,"column":16}},"162":{"start":{"line":374,"column":13},"end":{"line":374,"column":34}}},"fnMap":{"0":{"name":"(anonymous_8)","decl":{"start":{"line":11,"column":21},"end":{"line":11,"column":24}},"loc":{"start":{"line":11,"column":26},"end":{"line":11,"column":56}}},"1":{"name":"(anonymous_9)","decl":{"start":{"line":15,"column":20},"end":{"line":15,"column":31}},"loc":{"start":{"line":15,"column":33},"end":{"line":17,"column":1}}},"2":{"name":"(anonymous_10)","decl":{"start":{"line":19,"column":16},"end":{"line":19,"column":23}},"loc":{"start":{"line":19,"column":69},"end":{"line":26,"column":2}}},"3":{"name":"(anonymous_11)","decl":{"start":{"line":19,"column":69},"end":{"line":19,"column":null}},"loc":{"start":{"line":19,"column":64},"end":{"line":26,"column":1}}},"4":{"name":"(anonymous_12)","decl":{"start":{"line":28,"column":29},"end":{"line":28,"column":30}},"loc":{"start":{"line":28,"column":54},"end":{"line":30,"column":1}}},"5":{"name":"(anonymous_13)","decl":{"start":{"line":32,"column":28},"end":{"line":32,"column":35}},"loc":{"start":{"line":38,"column":5},"end":{"line":96,"column":2}}},"6":{"name":"(anonymous_14)","decl":{"start":{"line":38,"column":5},"end":{"line":38,"column":null}},"loc":{"start":{"line":38,"column":5},"end":{"line":96,"column":1}}},"7":{"name":"(anonymous_15)","decl":{"start":{"line":98,"column":25},"end":{"line":98,"column":32}},"loc":{"start":{"line":98,"column":93},"end":{"line":144,"column":2}}},"8":{"name":"(anonymous_16)","decl":{"start":{"line":98,"column":93},"end":{"line":98,"column":null}},"loc":{"start":{"line":98,"column":93},"end":{"line":144,"column":1}}},"9":{"name":"(anonymous_17)","decl":{"start":{"line":146,"column":33},"end":{"line":146,"column":40}},"loc":{"start":{"line":146,"column":92},"end":{"line":179,"column":2}}},"10":{"name":"(anonymous_18)","decl":{"start":{"line":146,"column":92},"end":{"line":146,"column":null}},"loc":{"start":{"line":146,"column":92},"end":{"line":179,"column":1}}},"11":{"name":"(anonymous_19)","decl":{"start":{"line":181,"column":38},"end":{"line":181,"column":45}},"loc":{"start":{"line":181,"column":84},"end":{"line":212,"column":2}}},"12":{"name":"(anonymous_20)","decl":{"start":{"line":181,"column":84},"end":{"line":181,"column":null}},"loc":{"start":{"line":181,"column":84},"end":{"line":212,"column":1}}},"13":{"name":"(anonymous_21)","decl":{"start":{"line":214,"column":41},"end":{"line":214,"column":48}},"loc":{"start":{"line":214,"column":91},"end":{"line":251,"column":2}}},"14":{"name":"(anonymous_22)","decl":{"start":{"line":214,"column":91},"end":{"line":214,"column":null}},"loc":{"start":{"line":214,"column":91},"end":{"line":251,"column":1}}},"15":{"name":"(anonymous_23)","decl":{"start":{"line":253,"column":33},"end":{"line":253,"column":40}},"loc":{"start":{"line":253,"column":119},"end":{"line":291,"column":2}}},"16":{"name":"(anonymous_24)","decl":{"start":{"line":253,"column":119},"end":{"line":253,"column":null}},"loc":{"start":{"line":253,"column":119},"end":{"line":291,"column":1}}},"17":{"name":"(anonymous_25)","decl":{"start":{"line":293,"column":30},"end":{"line":293,"column":37}},"loc":{"start":{"line":293,"column":76},"end":{"line":317,"column":2}}},"18":{"name":"(anonymous_26)","decl":{"start":{"line":293,"column":76},"end":{"line":293,"column":null}},"loc":{"start":{"line":293,"column":76},"end":{"line":317,"column":1}}},"19":{"name":"(anonymous_27)","decl":{"start":{"line":319,"column":33},"end":{"line":319,"column":40}},"loc":{"start":{"line":325,"column":5},"end":{"line":372,"column":2}}},"20":{"name":"(anonymous_28)","decl":{"start":{"line":325,"column":5},"end":{"line":325,"column":null}},"loc":{"start":{"line":325,"column":5},"end":{"line":372,"column":1}}},"21":{"name":"(anonymous_29)","decl":{"start":{"line":374,"column":34},"end":{"line":374,"column":41}},"loc":{"start":{"line":374,"column":126},"end":{"line":401,"column":2}}},"22":{"name":"(anonymous_30)","decl":{"start":{"line":374,"column":126},"end":{"line":374,"column":null}},"loc":{"start":{"line":374,"column":126},"end":{"line":401,"column":1}}}},"branchMap":{"0":{"loc":{"start":{"line":11,"column":27},"end":{"line":11,"column":55}},"type":"cond-expr","locations":[{"start":{"line":11,"column":49},"end":{"line":11,"column":53}},{"start":{"line":11,"column":53},"end":{"line":11,"column":55}}]},"1":{"loc":{"start":{"line":11,"column":27},"end":{"line":11,"column":53}},"type":"binary-expr","locations":[{"start":{"line":11,"column":27},"end":{"line":11,"column":53}},{"start":{"line":11,"column":49},"end":{"line":11,"column":53}}]},"2":{"loc":{"start":{"line":20,"column":4},"end":{"line":24,"column":5}},"type":"if","locations":[{"start":{"line":20,"column":4},"end":{"line":24,"column":5}},{"start":{"line":22,"column":11},"end":{"line":24,"column":5}}]},"3":{"loc":{"start":{"line":41,"column":4},"end":{"line":43,"column":5}},"type":"if","locations":[{"start":{"line":41,"column":4},"end":{"line":43,"column":5}}]},"4":{"loc":{"start":{"line":41,"column":8},"end":{"line":41,"column":67}},"type":"binary-expr","locations":[{"start":{"line":41,"column":8},"end":{"line":41,"column":13}},{"start":{"line":41,"column":17},"end":{"line":41,"column":26}},{"start":{"line":41,"column":30},"end":{"line":41,"column":39}},{"start":{"line":41,"column":44},"end":{"line":41,"column":50}},{"start":{"line":41,"column":54},"end":{"line":41,"column":66}}]},"5":{"loc":{"start":{"line":49,"column":20},"end":{"line":49,"column":44}},"type":"cond-expr","locations":[{"start":{"line":49,"column":28},"end":{"line":49,"column":39}},{"start":{"line":49,"column":42},"end":{"line":49,"column":44}}]},"6":{"loc":{"start":{"line":50,"column":20},"end":{"line":50,"column":56}},"type":"cond-expr","locations":[{"start":{"line":50,"column":34},"end":{"line":50,"column":51}},{"start":{"line":50,"column":54},"end":{"line":50,"column":56}}]},"7":{"loc":{"start":{"line":55,"column":4},"end":{"line":57,"column":5}},"type":"if","locations":[{"start":{"line":55,"column":4},"end":{"line":57,"column":5}}]},"8":{"loc":{"start":{"line":77,"column":4},"end":{"line":81,"column":5}},"type":"if","locations":[{"start":{"line":77,"column":4},"end":{"line":81,"column":5}},{"start":{"line":79,"column":11},"end":{"line":81,"column":5}}]},"9":{"loc":{"start":{"line":79,"column":11},"end":{"line":81,"column":5}},"type":"if","locations":[{"start":{"line":79,"column":11},"end":{"line":81,"column":5}}]},"10":{"loc":{"start":{"line":99,"column":4},"end":{"line":101,"column":5}},"type":"if","locations":[{"start":{"line":99,"column":4},"end":{"line":101,"column":5}}]},"11":{"loc":{"start":{"line":99,"column":8},"end":{"line":99,"column":32}},"type":"binary-expr","locations":[{"start":{"line":99,"column":8},"end":{"line":99,"column":19}},{"start":{"line":99,"column":23},"end":{"line":99,"column":32}}]},"12":{"loc":{"start":{"line":113,"column":4},"end":{"line":115,"column":5}},"type":"if","locations":[{"start":{"line":113,"column":4},"end":{"line":115,"column":5}}]},"13":{"loc":{"start":{"line":118,"column":4},"end":{"line":120,"column":5}},"type":"if","locations":[{"start":{"line":118,"column":4},"end":{"line":120,"column":5}}]},"14":{"loc":{"start":{"line":122,"column":4},"end":{"line":124,"column":5}},"type":"if","locations":[{"start":{"line":122,"column":4},"end":{"line":124,"column":5}}]},"15":{"loc":{"start":{"line":147,"column":4},"end":{"line":149,"column":5}},"type":"if","locations":[{"start":{"line":147,"column":4},"end":{"line":149,"column":5}}]},"16":{"loc":{"start":{"line":155,"column":4},"end":{"line":157,"column":5}},"type":"if","locations":[{"start":{"line":155,"column":4},"end":{"line":157,"column":5}}]},"17":{"loc":{"start":{"line":159,"column":4},"end":{"line":161,"column":5}},"type":"if","locations":[{"start":{"line":159,"column":4},"end":{"line":161,"column":5}}]},"18":{"loc":{"start":{"line":163,"column":4},"end":{"line":165,"column":5}},"type":"if","locations":[{"start":{"line":163,"column":4},"end":{"line":165,"column":5}}]},"19":{"loc":{"start":{"line":167,"column":4},"end":{"line":169,"column":5}},"type":"if","locations":[{"start":{"line":167,"column":4},"end":{"line":169,"column":5}}]},"20":{"loc":{"start":{"line":167,"column":8},"end":{"line":167,"column":73}},"type":"binary-expr","locations":[{"start":{"line":167,"column":8},"end":{"line":167,"column":32}},{"start":{"line":167,"column":36},"end":{"line":167,"column":73}}]},"21":{"loc":{"start":{"line":186,"column":4},"end":{"line":188,"column":5}},"type":"if","locations":[{"start":{"line":186,"column":4},"end":{"line":188,"column":5}}]},"22":{"loc":{"start":{"line":190,"column":4},"end":{"line":192,"column":5}},"type":"if","locations":[{"start":{"line":190,"column":4},"end":{"line":192,"column":5}}]},"23":{"loc":{"start":{"line":205,"column":4},"end":{"line":209,"column":5}},"type":"if","locations":[{"start":{"line":205,"column":4},"end":{"line":209,"column":5}},{"start":{"line":207,"column":11},"end":{"line":209,"column":5}}]},"24":{"loc":{"start":{"line":207,"column":11},"end":{"line":209,"column":5}},"type":"if","locations":[{"start":{"line":207,"column":11},"end":{"line":209,"column":5}}]},"25":{"loc":{"start":{"line":215,"column":4},"end":{"line":217,"column":5}},"type":"if","locations":[{"start":{"line":215,"column":4},"end":{"line":217,"column":5}}]},"26":{"loc":{"start":{"line":229,"column":4},"end":{"line":231,"column":5}},"type":"if","locations":[{"start":{"line":229,"column":4},"end":{"line":231,"column":5}}]},"27":{"loc":{"start":{"line":244,"column":4},"end":{"line":248,"column":5}},"type":"if","locations":[{"start":{"line":244,"column":4},"end":{"line":248,"column":5}},{"start":{"line":246,"column":11},"end":{"line":248,"column":5}}]},"28":{"loc":{"start":{"line":246,"column":11},"end":{"line":248,"column":5}},"type":"if","locations":[{"start":{"line":246,"column":11},"end":{"line":248,"column":5}}]},"29":{"loc":{"start":{"line":254,"column":4},"end":{"line":256,"column":5}},"type":"if","locations":[{"start":{"line":254,"column":4},"end":{"line":256,"column":5}}]},"30":{"loc":{"start":{"line":254,"column":8},"end":{"line":254,"column":45}},"type":"binary-expr","locations":[{"start":{"line":254,"column":8},"end":{"line":254,"column":19}},{"start":{"line":254,"column":23},"end":{"line":254,"column":29}},{"start":{"line":254,"column":33},"end":{"line":254,"column":45}}]},"31":{"loc":{"start":{"line":268,"column":4},"end":{"line":270,"column":5}},"type":"if","locations":[{"start":{"line":268,"column":4},"end":{"line":270,"column":5}}]},"32":{"loc":{"start":{"line":272,"column":4},"end":{"line":274,"column":5}},"type":"if","locations":[{"start":{"line":272,"column":4},"end":{"line":274,"column":5}}]},"33":{"loc":{"start":{"line":276,"column":4},"end":{"line":278,"column":5}},"type":"if","locations":[{"start":{"line":276,"column":4},"end":{"line":278,"column":5}}]},"34":{"loc":{"start":{"line":276,"column":8},"end":{"line":276,"column":75}},"type":"binary-expr","locations":[{"start":{"line":276,"column":8},"end":{"line":276,"column":33}},{"start":{"line":276,"column":37},"end":{"line":276,"column":75}}]},"35":{"loc":{"start":{"line":312,"column":4},"end":{"line":314,"column":5}},"type":"if","locations":[{"start":{"line":312,"column":4},"end":{"line":314,"column":5}}]},"36":{"loc":{"start":{"line":328,"column":4},"end":{"line":345,"column":5}},"type":"if","locations":[{"start":{"line":328,"column":4},"end":{"line":345,"column":5}}]},"37":{"loc":{"start":{"line":328,"column":8},"end":{"line":328,"column":40}},"type":"binary-expr","locations":[{"start":{"line":328,"column":8},"end":{"line":328,"column":16}},{"start":{"line":328,"column":20},"end":{"line":328,"column":25}},{"start":{"line":328,"column":29},"end":{"line":328,"column":40}}]},"38":{"loc":{"start":{"line":332,"column":24},"end":{"line":332,"column":54}},"type":"cond-expr","locations":[{"start":{"line":332,"column":35},"end":{"line":332,"column":49}},{"start":{"line":332,"column":52},"end":{"line":332,"column":54}}]},"39":{"loc":{"start":{"line":333,"column":24},"end":{"line":333,"column":48}},"type":"cond-expr","locations":[{"start":{"line":333,"column":32},"end":{"line":333,"column":43}},{"start":{"line":333,"column":46},"end":{"line":333,"column":48}}]},"40":{"loc":{"start":{"line":334,"column":24},"end":{"line":334,"column":60}},"type":"cond-expr","locations":[{"start":{"line":334,"column":38},"end":{"line":334,"column":55}},{"start":{"line":334,"column":58},"end":{"line":334,"column":60}}]},"41":{"loc":{"start":{"line":342,"column":8},"end":{"line":344,"column":9}},"type":"if","locations":[{"start":{"line":342,"column":8},"end":{"line":344,"column":9}}]},"42":{"loc":{"start":{"line":348,"column":4},"end":{"line":348,"column":37}},"type":"if","locations":[{"start":{"line":348,"column":4},"end":{"line":348,"column":37}}]},"43":{"loc":{"start":{"line":349,"column":4},"end":{"line":349,"column":49}},"type":"if","locations":[{"start":{"line":349,"column":4},"end":{"line":349,"column":49}}]},"44":{"loc":{"start":{"line":350,"column":4},"end":{"line":350,"column":40}},"type":"if","locations":[{"start":{"line":350,"column":4},"end":{"line":350,"column":40}}]},"45":{"loc":{"start":{"line":351,"column":4},"end":{"line":351,"column":58}},"type":"if","locations":[{"start":{"line":351,"column":4},"end":{"line":351,"column":58}}]},"46":{"loc":{"start":{"line":352,"column":4},"end":{"line":352,"column":52}},"type":"if","locations":[{"start":{"line":352,"column":4},"end":{"line":352,"column":52}}]},"47":{"loc":{"start":{"line":375,"column":4},"end":{"line":377,"column":5}},"type":"if","locations":[{"start":{"line":375,"column":4},"end":{"line":377,"column":5}}]},"48":{"loc":{"start":{"line":375,"column":8},"end":{"line":375,"column":40}},"type":"binary-expr","locations":[{"start":{"line":375,"column":8},"end":{"line":375,"column":24}},{"start":{"line":375,"column":28},"end":{"line":375,"column":40}}]},"49":{"loc":{"start":{"line":383,"column":4},"end":{"line":385,"column":5}},"type":"if","locations":[{"start":{"line":383,"column":4},"end":{"line":385,"column":5}}]},"50":{"loc":{"start":{"line":388,"column":4},"end":{"line":390,"column":5}},"type":"if","locations":[{"start":{"line":388,"column":4},"end":{"line":390,"column":5}}]}},"s":{"0":11,"1":11,"2":11,"3":11,"4":11,"5":11,"6":11,"7":11,"8":2,"9":11,"10":11,"11":8,"12":11,"13":7,"14":7,"15":4,"16":3,"17":7,"18":11,"19":2,"20":11,"21":11,"22":5,"23":5,"24":5,"25":2,"26":3,"27":3,"28":1,"29":2,"30":2,"31":2,"32":2,"33":2,"34":2,"35":1,"36":1,"37":1,"38":2,"39":2,"40":2,"41":11,"42":11,"43":5,"44":5,"45":2,"46":3,"47":3,"48":1,"49":2,"50":2,"51":2,"52":0,"53":0,"54":0,"55":0,"56":0,"57":0,"58":11,"59":11,"60":6,"61":6,"62":1,"63":5,"64":5,"65":1,"66":4,"67":1,"68":3,"69":1,"70":2,"71":1,"72":1,"73":11,"74":11,"75":4,"76":4,"77":4,"78":1,"79":3,"80":1,"81":2,"82":2,"83":2,"84":2,"85":1,"86":1,"87":1,"88":2,"89":11,"90":11,"91":6,"92":6,"93":1,"94":5,"95":5,"96":1,"97":4,"98":4,"99":4,"100":4,"101":2,"102":2,"103":1,"104":4,"105":11,"106":11,"107":8,"108":8,"109":3,"110":5,"111":5,"112":1,"113":4,"114":1,"115":3,"116":1,"117":2,"118":2,"119":2,"120":11,"121":11,"122":2,"123":2,"124":2,"125":1,"126":1,"127":11,"128":11,"129":4,"130":4,"131":4,"132":3,"133":3,"134":1,"135":3,"136":3,"137":0,"138":3,"139":0,"140":3,"141":1,"142":3,"143":1,"144":3,"145":1,"146":3,"147":11,"148":11,"149":3,"150":3,"151":1,"152":2,"153":2,"154":1,"155":1,"156":1,"157":1,"158":0,"159":0,"160":0,"161":0,"162":11},"f":{"0":2,"1":8,"2":7,"3":7,"4":2,"5":5,"6":5,"7":5,"8":5,"9":6,"10":6,"11":4,"12":4,"13":6,"14":6,"15":8,"16":8,"17":2,"18":2,"19":4,"20":4,"21":3,"22":3},"b":{"0":[2,0],"1":[2,2],"2":[4,3],"3":[2],"4":[5,5,5,5,3],"5":[2,1],"6":[1,2],"7":[1],"8":[1,1],"9":[1],"10":[2],"11":[5,4],"12":[1],"13":[2],"14":[0],"15":[1],"16":[1],"17":[1],"18":[1],"19":[1],"20":[2,2],"21":[1],"22":[1],"23":[1,1],"24":[1],"25":[1],"26":[1],"27":[2,2],"28":[1],"29":[3],"30":[8,7,6],"31":[1],"32":[1],"33":[1],"34":[3,2],"35":[1],"36":[3],"37":[4,3,2],"38":[1,2],"39":[1,2],"40":[1,2],"41":[1],"42":[0],"43":[0],"44":[1],"45":[1],"46":[1],"47":[1],"48":[3,2],"49":[1],"50":[1]}}
,"/Users/adrianbrandt/priv/web-chores/backend/src/types/index.ts": {"path":"/Users/adrianbrandt/priv/web-chores/backend/src/types/index.ts","statementMap":{"0":{"start":{"line":1,"column":0},"end":{"line":1,"column":26}},"1":{"start":{"line":3,"column":0},"end":{"line":3,"column":null}},"2":{"start":{"line":4,"column":4},"end":{"line":4,"column":null}},"3":{"start":{"line":5,"column":4},"end":{"line":5,"column":null}}},"fnMap":{"0":{"name":"(anonymous_4)","decl":{"start":{"line":3,"column":0},"end":{"line":3,"column":12}},"loc":{"start":{"line":3,"column":21},"end":{"line":6,"column":1}}}},"branchMap":{"0":{"loc":{"start":{"line":3,"column":12},"end":{"line":3,"column":null}},"type":"binary-expr","locations":[{"start":{"line":3,"column":12},"end":{"line":3,"column":21}},{"start":{"line":3,"column":21},"end":{"line":3,"column":null}}]}},"s":{"0":11,"1":11,"2":11,"3":11},"f":{"0":11},"b":{"0":[11,11]}}
,"/Users/adrianbrandt/priv/web-chores/backend/src/utils/AppError.ts": {"path":"/Users/adrianbrandt/priv/web-chores/backend/src/utils/AppError.ts","statementMap":{"0":{"start":{"line":12,"column":8},"end":{"line":12,"column":23}},"1":{"start":{"line":13,"column":8},"end":{"line":13,"column":37}},"2":{"start":{"line":14,"column":8},"end":{"line":14,"column":43}},"3":{"start":{"line":15,"column":8},"end":{"line":15,"column":35}},"4":{"start":{"line":17,"column":8},"end":{"line":19,"column":9}},"5":{"start":{"line":18,"column":12},"end":{"line":18,"column":60}},"6":{"start":{"line":21,"column":8},"end":{"line":21,"column":56}},"7":{"start":{"line":6,"column":0},"end":{"line":6,"column":13}},"8":{"start":{"line":26,"column":20},"end":{"line":28,"column":67}},"9":{"start":{"line":27,"column":4},"end":{"line":28,"column":67}},"10":{"start":{"line":28,"column":8},"end":{"line":28,"column":67}},"11":{"start":{"line":31,"column":13},"end":{"line":43,"column":2}}},"fnMap":{"0":{"name":"(anonymous_0)","decl":{"start":{"line":11,"column":4},"end":{"line":11,"column":16}},"loc":{"start":{"line":11,"column":93},"end":{"line":22,"column":5}}},"1":{"name":"(anonymous_1)","decl":{"start":{"line":26,"column":20},"end":{"line":26,"column":21}},"loc":{"start":{"line":27,"column":4},"end":{"line":28,"column":67}}},"2":{"name":"(anonymous_2)","decl":{"start":{"line":27,"column":4},"end":{"line":27,"column":5}},"loc":{"start":{"line":28,"column":8},"end":{"line":28,"column":67}}}},"branchMap":{"0":{"loc":{"start":{"line":11,"column":53},"end":{"line":11,"column":73}},"type":"default-arg","locations":[{"start":{"line":11,"column":69},"end":{"line":11,"column":73}}]},"1":{"loc":{"start":{"line":17,"column":8},"end":{"line":19,"column":9}},"type":"if","locations":[{"start":{"line":17,"column":8},"end":{"line":19,"column":9}}]}},"s":{"0":49,"1":49,"2":49,"3":49,"4":49,"5":49,"6":49,"7":14,"8":14,"9":140,"10":44,"11":14},"f":{"0":49,"1":140,"2":44},"b":{"0":[1],"1":[49]}}
,"/Users/adrianbrandt/priv/web-chores/backend/src/utils/errorCases.ts": {"path":"/Users/adrianbrandt/priv/web-chores/backend/src/utils/errorCases.ts","statementMap":{"0":{"start":{"line":4,"column":13},"end":{"line":49,"column":2}},"1":{"start":{"line":5,"column":34},"end":{"line":8,"column":6}},"2":{"start":{"line":10,"column":35},"end":{"line":13,"column":6}},"3":{"start":{"line":15,"column":39},"end":{"line":18,"column":6}},"4":{"start":{"line":20,"column":37},"end":{"line":23,"column":6}},"5":{"start":{"line":25,"column":39},"end":{"line":28,"column":6}},"6":{"start":{"line":30,"column":44},"end":{"line":33,"column":6}},"7":{"start":{"line":35,"column":47},"end":{"line":38,"column":6}},"8":{"start":{"line":40,"column":41},"end":{"line":43,"column":6}},"9":{"start":{"line":45,"column":50},"end":{"line":48,"column":6}},"10":{"start":{"line":52,"column":13},"end":{"line":77,"column":2}},"11":{"start":{"line":53,"column":38},"end":{"line":56,"column":6}},"12":{"start":{"line":58,"column":38},"end":{"line":61,"column":6}},"13":{"start":{"line":63,"column":42},"end":{"line":66,"column":6}},"14":{"start":{"line":68,"column":44},"end":{"line":71,"column":6}},"15":{"start":{"line":73,"column":56},"end":{"line":76,"column":6}},"16":{"start":{"line":80,"column":13},"end":{"line":105,"column":2}},"17":{"start":{"line":81,"column":51},"end":{"line":84,"column":6}},"18":{"start":{"line":86,"column":38},"end":{"line":89,"column":6}},"19":{"start":{"line":91,"column":41},"end":{"line":94,"column":6}},"20":{"start":{"line":96,"column":38},"end":{"line":99,"column":6}},"21":{"start":{"line":101,"column":56},"end":{"line":104,"column":6}},"22":{"start":{"line":108,"column":13},"end":{"line":148,"column":2}},"23":{"start":{"line":109,"column":37},"end":{"line":112,"column":6}},"24":{"start":{"line":114,"column":48},"end":{"line":117,"column":6}},"25":{"start":{"line":119,"column":37},"end":{"line":122,"column":6}},"26":{"start":{"line":124,"column":37},"end":{"line":127,"column":6}},"27":{"start":{"line":129,"column":43},"end":{"line":132,"column":6}},"28":{"start":{"line":134,"column":38},"end":{"line":137,"column":6}},"29":{"start":{"line":139,"column":43},"end":{"line":142,"column":6}},"30":{"start":{"line":144,"column":43},"end":{"line":147,"column":6}}},"fnMap":{"0":{"name":"(anonymous_0)","decl":{"start":{"line":5,"column":14},"end":{"line":5,"column":30}},"loc":{"start":{"line":5,"column":34},"end":{"line":8,"column":6}}},"1":{"name":"(anonymous_1)","decl":{"start":{"line":10,"column":15},"end":{"line":10,"column":31}},"loc":{"start":{"line":10,"column":35},"end":{"line":13,"column":6}}},"2":{"name":"(anonymous_2)","decl":{"start":{"line":15,"column":19},"end":{"line":15,"column":35}},"loc":{"start":{"line":15,"column":39},"end":{"line":18,"column":6}}},"3":{"name":"(anonymous_3)","decl":{"start":{"line":20,"column":17},"end":{"line":20,"column":33}},"loc":{"start":{"line":20,"column":37},"end":{"line":23,"column":6}}},"4":{"name":"(anonymous_4)","decl":{"start":{"line":25,"column":19},"end":{"line":25,"column":35}},"loc":{"start":{"line":25,"column":39},"end":{"line":28,"column":6}}},"5":{"name":"(anonymous_5)","decl":{"start":{"line":30,"column":24},"end":{"line":30,"column":40}},"loc":{"start":{"line":30,"column":44},"end":{"line":33,"column":6}}},"6":{"name":"(anonymous_6)","decl":{"start":{"line":35,"column":27},"end":{"line":35,"column":43}},"loc":{"start":{"line":35,"column":47},"end":{"line":38,"column":6}}},"7":{"name":"(anonymous_7)","decl":{"start":{"line":40,"column":21},"end":{"line":40,"column":37}},"loc":{"start":{"line":40,"column":41},"end":{"line":43,"column":6}}},"8":{"name":"(anonymous_8)","decl":{"start":{"line":45,"column":30},"end":{"line":45,"column":46}},"loc":{"start":{"line":45,"column":50},"end":{"line":48,"column":6}}},"9":{"name":"(anonymous_9)","decl":{"start":{"line":53,"column":18},"end":{"line":53,"column":34}},"loc":{"start":{"line":53,"column":38},"end":{"line":56,"column":6}}},"10":{"name":"(anonymous_10)","decl":{"start":{"line":58,"column":18},"end":{"line":58,"column":34}},"loc":{"start":{"line":58,"column":38},"end":{"line":61,"column":6}}},"11":{"name":"(anonymous_11)","decl":{"start":{"line":63,"column":22},"end":{"line":63,"column":38}},"loc":{"start":{"line":63,"column":42},"end":{"line":66,"column":6}}},"12":{"name":"(anonymous_12)","decl":{"start":{"line":68,"column":24},"end":{"line":68,"column":40}},"loc":{"start":{"line":68,"column":44},"end":{"line":71,"column":6}}},"13":{"name":"(anonymous_13)","decl":{"start":{"line":73,"column":22},"end":{"line":73,"column":23}},"loc":{"start":{"line":73,"column":56},"end":{"line":76,"column":6}}},"14":{"name":"(anonymous_14)","decl":{"start":{"line":81,"column":18},"end":{"line":81,"column":19}},"loc":{"start":{"line":81,"column":51},"end":{"line":84,"column":6}}},"15":{"name":"(anonymous_15)","decl":{"start":{"line":86,"column":18},"end":{"line":86,"column":34}},"loc":{"start":{"line":86,"column":38},"end":{"line":89,"column":6}}},"16":{"name":"(anonymous_16)","decl":{"start":{"line":91,"column":21},"end":{"line":91,"column":37}},"loc":{"start":{"line":91,"column":41},"end":{"line":94,"column":6}}},"17":{"name":"(anonymous_17)","decl":{"start":{"line":96,"column":18},"end":{"line":96,"column":34}},"loc":{"start":{"line":96,"column":38},"end":{"line":99,"column":6}}},"18":{"name":"(anonymous_18)","decl":{"start":{"line":101,"column":21},"end":{"line":101,"column":22}},"loc":{"start":{"line":101,"column":56},"end":{"line":104,"column":6}}},"19":{"name":"(anonymous_19)","decl":{"start":{"line":109,"column":17},"end":{"line":109,"column":33}},"loc":{"start":{"line":109,"column":37},"end":{"line":112,"column":6}}},"20":{"name":"(anonymous_20)","decl":{"start":{"line":114,"column":28},"end":{"line":114,"column":44}},"loc":{"start":{"line":114,"column":48},"end":{"line":117,"column":6}}},"21":{"name":"(anonymous_21)","decl":{"start":{"line":119,"column":17},"end":{"line":119,"column":33}},"loc":{"start":{"line":119,"column":37},"end":{"line":122,"column":6}}},"22":{"name":"(anonymous_22)","decl":{"start":{"line":124,"column":17},"end":{"line":124,"column":33}},"loc":{"start":{"line":124,"column":37},"end":{"line":127,"column":6}}},"23":{"name":"(anonymous_23)","decl":{"start":{"line":129,"column":23},"end":{"line":129,"column":39}},"loc":{"start":{"line":129,"column":43},"end":{"line":132,"column":6}}},"24":{"name":"(anonymous_24)","decl":{"start":{"line":134,"column":18},"end":{"line":134,"column":34}},"loc":{"start":{"line":134,"column":38},"end":{"line":137,"column":6}}},"25":{"name":"(anonymous_25)","decl":{"start":{"line":139,"column":23},"end":{"line":139,"column":39}},"loc":{"start":{"line":139,"column":43},"end":{"line":142,"column":6}}},"26":{"name":"(anonymous_26)","decl":{"start":{"line":144,"column":23},"end":{"line":144,"column":39}},"loc":{"start":{"line":144,"column":43},"end":{"line":147,"column":6}}}},"branchMap":{},"s":{"0":14,"1":9,"2":5,"3":2,"4":2,"5":2,"6":4,"7":3,"8":2,"9":2,"10":14,"11":1,"12":1,"13":1,"14":1,"15":1,"16":14,"17":1,"18":8,"19":6,"20":6,"21":7,"22":14,"23":2,"24":3,"25":2,"26":2,"27":2,"28":2,"29":2,"30":2},"f":{"0":9,"1":5,"2":2,"3":2,"4":2,"5":4,"6":3,"7":2,"8":2,"9":1,"10":1,"11":1,"12":1,"13":1,"14":1,"15":8,"16":6,"17":6,"18":7,"19":2,"20":3,"21":2,"22":2,"23":2,"24":2,"25":2,"26":2},"b":{}}
,"/Users/adrianbrandt/priv/web-chores/backend/src/utils/validate.ts": {"path":"/Users/adrianbrandt/priv/web-chores/backend/src/utils/validate.ts","statementMap":{"0":{"start":{"line":1,"column":0},"end":{"line":1,"column":36}},"1":{"start":{"line":2,"column":0},"end":{"line":2,"column":48}},"2":{"start":{"line":9,"column":29},"end":{"line":15,"column":1}},"3":{"start":{"line":10,"column":23},"end":{"line":10,"column":51}},"4":{"start":{"line":11,"column":4},"end":{"line":13,"column":5}},"5":{"start":{"line":12,"column":8},"end":{"line":12,"column":84}},"6":{"start":{"line":14,"column":4},"end":{"line":14,"column":29}},"7":{"start":{"line":9,"column":13},"end":{"line":9,"column":29}},"8":{"start":{"line":17,"column":32},"end":{"line":28,"column":1}},"9":{"start":{"line":18,"column":4},"end":{"line":20,"column":5}},"10":{"start":{"line":19,"column":8},"end":{"line":19,"column":90}},"11":{"start":{"line":22,"column":32},"end":{"line":22,"column":68}},"12":{"start":{"line":23,"column":4},"end":{"line":25,"column":5}},"13":{"start":{"line":24,"column":8},"end":{"line":24,"column":87}},"14":{"start":{"line":27,"column":4},"end":{"line":27,"column":29}},"15":{"start":{"line":17,"column":13},"end":{"line":17,"column":32}},"16":{"start":{"line":30,"column":35},"end":{"line":36,"column":1}},"17":{"start":{"line":31,"column":23},"end":{"line":31,"column":43}},"18":{"start":{"line":32,"column":4},"end":{"line":34,"column":5}},"19":{"start":{"line":33,"column":8},"end":{"line":33,"column":84}},"20":{"start":{"line":35,"column":4},"end":{"line":35,"column":29}},"21":{"start":{"line":30,"column":13},"end":{"line":30,"column":35}},"22":{"start":{"line":38,"column":24},"end":{"line":47,"column":1}},"23":{"start":{"line":39,"column":4},"end":{"line":46,"column":5}},"24":{"start":{"line":40,"column":8},"end":{"line":45,"column":9}},"25":{"start":{"line":41,"column":12},"end":{"line":44,"column":15}},"26":{"start":{"line":38,"column":13},"end":{"line":38,"column":24}}},"fnMap":{"0":{"name":"(anonymous_0)","decl":{"start":{"line":9,"column":29},"end":{"line":9,"column":30}},"loc":{"start":{"line":9,"column":65},"end":{"line":15,"column":1}}},"1":{"name":"(anonymous_1)","decl":{"start":{"line":17,"column":32},"end":{"line":17,"column":33}},"loc":{"start":{"line":17,"column":71},"end":{"line":28,"column":1}}},"2":{"name":"(anonymous_2)","decl":{"start":{"line":30,"column":35},"end":{"line":30,"column":36}},"loc":{"start":{"line":30,"column":77},"end":{"line":36,"column":1}}},"3":{"name":"(anonymous_3)","decl":{"start":{"line":38,"column":24},"end":{"line":38,"column":25}},"loc":{"start":{"line":38,"column":66},"end":{"line":47,"column":1}}}},"branchMap":{"0":{"loc":{"start":{"line":11,"column":4},"end":{"line":13,"column":5}},"type":"if","locations":[{"start":{"line":11,"column":4},"end":{"line":13,"column":5}}]},"1":{"loc":{"start":{"line":18,"column":4},"end":{"line":20,"column":5}},"type":"if","locations":[{"start":{"line":18,"column":4},"end":{"line":20,"column":5}}]},"2":{"loc":{"start":{"line":23,"column":4},"end":{"line":25,"column":5}},"type":"if","locations":[{"start":{"line":23,"column":4},"end":{"line":25,"column":5}}]},"3":{"loc":{"start":{"line":32,"column":4},"end":{"line":34,"column":5}},"type":"if","locations":[{"start":{"line":32,"column":4},"end":{"line":34,"column":5}}]},"4":{"loc":{"start":{"line":40,"column":8},"end":{"line":45,"column":9}},"type":"if","locations":[{"start":{"line":40,"column":8},"end":{"line":45,"column":9}}]},"5":{"loc":{"start":{"line":40,"column":12},"end":{"line":40,"column":53}},"type":"binary-expr","locations":[{"start":{"line":40,"column":12},"end":{"line":40,"column":31}},{"start":{"line":40,"column":35},"end":{"line":40,"column":53}}]}},"s":{"0":1,"1":1,"2":1,"3":11,"4":11,"5":7,"6":4,"7":1,"8":1,"9":12,"10":3,"11":9,"12":9,"13":5,"14":4,"15":1,"16":1,"17":11,"18":11,"19":5,"20":6,"21":1,"22":1,"23":3,"24":5,"25":1,"26":1},"f":{"0":11,"1":12,"2":11,"3":3},"b":{"0":[7],"1":[3],"2":[5],"3":[5],"4":[1],"5":[5,2]}}
}
