TN:
SF:src/context.ts
FN:10,(anonymous_1)
FNF:1
FNH:0
FNDA:0,(anonymous_1)
DA:2,0
DA:10,0
DA:11,0
DA:17,0
LF:4
LH:0
BRF:0
BRH:0
end_of_record
TN:
SF:src/index.ts
FN:29,(anonymous_1)
FN:34,(anonymous_2)
FN:39,(anonymous_3)
FNF:3
FNH:0
FNDA:0,(anonymous_1)
FNDA:0,(anonymous_2)
FNDA:0,(anonymous_3)
DA:1,0
DA:2,0
DA:3,0
DA:4,0
DA:5,0
DA:6,0
DA:7,0
DA:8,0
DA:10,0
DA:12,0
DA:13,0
DA:16,0
DA:17,0
DA:18,0
DA:19,0
DA:23,0
DA:26,0
DA:29,0
DA:30,0
DA:34,0
DA:35,0
DA:36,0
DA:39,0
DA:40,0
LF:24
LH:0
BRDA:13,0,0,0
BRDA:13,0,1,0
BRDA:41,1,0,0
BRDA:41,1,1,0
BRF:4
BRH:0
end_of_record
TN:
SF:src/prisma.ts
FNF:0
FNH:0
DA:1,0
DA:3,0
DA:5,0
LF:3
LH:0
BRF:0
BRH:0
end_of_record
TN:
SF:src/config/logger.ts
FN:10,(anonymous_2)
FN:51,(anonymous_3)
FNF:2
FNH:1
FNDA:0,(anonymous_2)
FNDA:1,(anonymous_3)
DA:1,5
DA:2,5
DA:3,5
DA:5,5
DA:6,5
DA:7,1
DA:10,5
DA:11,0
DA:16,5
DA:39,5
DA:40,4
DA:50,5
DA:52,1
DA:56,5
LF:14
LH:13
BRDA:6,0,0,1
BRDA:12,1,0,0
BRDA:12,1,1,0
BRDA:17,2,0,1
BRDA:17,2,1,4
BRDA:39,3,0,4
BRF:6
BRH:4
end_of_record
TN:
SF:src/controllers/adminController.ts
FN:5,(anonymous_17)
FN:5,(anonymous_18)
FN:16,(anonymous_19)
FN:16,(anonymous_20)
FN:28,(anonymous_21)
FN:28,(anonymous_22)
FN:46,(anonymous_23)
FN:46,(anonymous_24)
FN:64,(anonymous_25)
FN:64,(anonymous_26)
FNF:10
FNH:0
FNDA:0,(anonymous_17)
FNDA:0,(anonymous_18)
FNDA:0,(anonymous_19)
FNDA:0,(anonymous_20)
FNDA:0,(anonymous_21)
FNDA:0,(anonymous_22)
FNDA:0,(anonymous_23)
FNDA:0,(anonymous_24)
FNDA:0,(anonymous_25)
FNDA:0,(anonymous_26)
DA:2,0
DA:3,0
DA:5,0
DA:6,0
DA:8,0
DA:13,0
DA:16,0
DA:17,0
DA:18,0
DA:20,0
DA:25,0
DA:28,0
DA:29,0
DA:30,0
DA:32,0
DA:34,0
DA:40,0
DA:46,0
DA:47,0
DA:48,0
DA:50,0
DA:52,0
DA:58,0
DA:64,0
DA:65,0
DA:67,0
DA:69,0
DA:74,0
LF:28
LH:0
BRDA:9,0,0,0
BRDA:9,0,1,0
BRDA:9,1,0,0
BRDA:9,1,1,0
BRDA:21,2,0,0
BRDA:21,2,1,0
BRDA:21,3,0,0
BRDA:21,3,1,0
BRDA:35,4,0,0
BRDA:35,4,1,0
BRDA:35,5,0,0
BRDA:35,5,1,0
BRDA:53,6,0,0
BRDA:53,6,1,0
BRDA:53,7,0,0
BRDA:53,7,1,0
BRDA:70,8,0,0
BRDA:70,8,1,0
BRDA:70,9,0,0
BRDA:70,9,1,0
BRF:20
BRH:0
end_of_record
TN:
SF:src/controllers/userController.ts
FN:7,(anonymous_17)
FN:7,(anonymous_18)
FN:25,(anonymous_19)
FN:25,(anonymous_20)
FN:42,(anonymous_21)
FN:42,(anonymous_22)
FN:55,(anonymous_23)
FN:55,(anonymous_24)
FN:67,(anonymous_25)
FN:67,(anonymous_26)
FN:75,(anonymous_27)
FN:75,(anonymous_28)
FN:83,(anonymous_29)
FN:83,(anonymous_30)
FN:95,(anonymous_31)
FN:95,(anonymous_32)
FN:112,(anonymous_33)
FN:112,(anonymous_34)
FNF:18
FNH:0
FNDA:0,(anonymous_17)
FNDA:0,(anonymous_18)
FNDA:0,(anonymous_19)
FNDA:0,(anonymous_20)
FNDA:0,(anonymous_21)
FNDA:0,(anonymous_22)
FNDA:0,(anonymous_23)
FNDA:0,(anonymous_24)
FNDA:0,(anonymous_25)
FNDA:0,(anonymous_26)
FNDA:0,(anonymous_27)
FNDA:0,(anonymous_28)
FNDA:0,(anonymous_29)
FNDA:0,(anonymous_30)
FNDA:0,(anonymous_31)
FNDA:0,(anonymous_32)
FNDA:0,(anonymous_33)
FNDA:0,(anonymous_34)
DA:2,0
DA:3,0
DA:4,0
DA:5,0
DA:7,0
DA:8,0
DA:9,0
DA:11,0
DA:13,0
DA:18,0
DA:25,0
DA:26,0
DA:28,0
DA:30,0
DA:35,0
DA:42,0
DA:43,0
DA:44,0
DA:46,0
DA:47,0
DA:50,0
DA:52,0
DA:55,0
DA:56,0
DA:58,0
DA:59,0
DA:62,0
DA:64,0
DA:67,0
DA:68,0
DA:70,0
DA:72,0
DA:75,0
DA:76,0
DA:78,0
DA:80,0
DA:83,0
DA:84,0
DA:86,0
DA:87,0
DA:90,0
DA:92,0
DA:95,0
DA:96,0
DA:98,0
DA:99,0
DA:102,0
DA:104,0
DA:106,0
DA:112,0
DA:113,0
DA:115,0
DA:116,0
DA:119,0
DA:121,0
DA:123,0
LF:56
LH:0
BRDA:44,0,0,0
BRDA:44,0,1,0
BRDA:44,1,0,0
BRDA:44,1,1,0
BRDA:46,2,0,0
BRDA:56,3,0,0
BRDA:56,3,1,0
BRDA:56,4,0,0
BRDA:56,4,1,0
BRDA:58,5,0,0
BRDA:84,6,0,0
BRDA:84,6,1,0
BRDA:84,7,0,0
BRDA:84,7,1,0
BRDA:86,8,0,0
BRDA:96,9,0,0
BRDA:96,9,1,0
BRDA:96,10,0,0
BRDA:96,10,1,0
BRDA:98,11,0,0
BRDA:113,12,0,0
BRDA:113,12,1,0
BRDA:113,13,0,0
BRDA:113,13,1,0
BRDA:115,14,0,0
BRF:25
BRH:0
end_of_record
TN:
SF:src/middleware/auth.ts
FN:12,(anonymous_1)
FN:28,(anonymous_2)
FN:29,(anonymous_3)
FNF:3
FNH:3
FNDA:3,(anonymous_1)
FNDA:3,(anonymous_2)
FNDA:3,(anonymous_3)
DA:2,1
DA:3,1
DA:7,1
DA:10,1
DA:12,1
DA:13,3
DA:15,3
DA:16,1
DA:17,1
DA:20,2
DA:21,2
DA:22,1
DA:24,1
DA:28,1
DA:29,3
DA:30,3
DA:31,1
DA:32,1
DA:35,2
DA:36,1
DA:37,1
DA:40,1
LF:22
LH:22
BRDA:10,0,0,1
BRDA:10,0,1,0
BRDA:15,1,0,1
BRDA:30,2,0,1
BRDA:35,3,0,1
BRF:5
BRH:4
end_of_record
TN:
SF:src/middleware/context.ts
FN:4,(anonymous_0)
FNF:1
FNH:1
FNDA:1,(anonymous_0)
DA:2,1
DA:4,1
DA:5,1
DA:6,1
LF:4
LH:4
BRF:0
BRH:0
end_of_record
TN:
SF:src/middleware/errorMiddleware.ts
FN:5,(anonymous_1)
FNF:1
FNH:1
FNDA:4,(anonymous_1)
DA:2,1
DA:3,1
DA:5,1
DA:10,4
DA:11,1
DA:19,1
DA:27,4
DA:34,4
LF:8
LH:8
BRDA:10,0,0,1
BRDA:22,1,0,1
BRDA:22,1,1,1
BRDA:23,2,0,1
BRDA:23,2,1,0
BRDA:36,3,0,1
BRDA:36,3,1,3
BRDA:39,4,0,4
BRDA:39,4,1,1
BRF:9
BRH:8
end_of_record
TN:
SF:src/middleware/httpLogger.ts
FNF:0
FNH:0
DA:1,1
DA:2,1
DA:4,1
DA:6,1
LF:4
LH:4
BRF:0
BRH:0
end_of_record
TN:
SF:src/routes/adminRoutes.ts
FNF:0
FNH:0
DA:1,0
DA:2,0
DA:3,0
DA:4,0
DA:7,0
DA:9,0
DA:15,0
DA:21,0
DA:27,0
DA:33,0
DA:39,0
LF:11
LH:0
BRF:0
BRH:0
end_of_record
TN:
SF:src/routes/index.ts
FN:13,(anonymous_8)
FN:18,(anonymous_9)
FN:18,(anonymous_10)
FNF:3
FNH:0
FNDA:0,(anonymous_8)
FNDA:0,(anonymous_9)
FNDA:0,(anonymous_10)
DA:1,0
DA:2,0
DA:3,0
DA:4,0
DA:6,0
DA:9,0
DA:10,0
DA:13,0
DA:14,0
DA:18,0
DA:19,0
DA:24,0
DA:26,0
DA:31,0
DA:32,0
DA:39,0
LF:16
LH:0
BRDA:34,0,0,0
BRDA:34,0,1,0
BRF:2
BRH:0
end_of_record
TN:
SF:src/routes/userRoutes.ts
FNF:0
FNH:0
DA:1,0
DA:2,0
DA:4,0
DA:7,0
DA:9,0
DA:10,0
DA:11,0
DA:12,0
DA:14,0
DA:15,0
DA:16,0
DA:17,0
DA:18,0
DA:20,0
LF:14
LH:0
BRF:0
BRH:0
end_of_record
TN:
SF:src/services/adminService.ts
FN:6,(anonymous_7)
FN:6,(anonymous_8)
FN:24,(anonymous_9)
FN:24,(anonymous_10)
FN:54,(anonymous_11)
FN:54,(anonymous_12)
FN:82,(anonymous_13)
FN:82,(anonymous_14)
FN:110,(anonymous_15)
FN:110,(anonymous_16)
FNF:10
FNH:10
FNDA:1,(anonymous_7)
FNDA:1,(anonymous_8)
FNDA:3,(anonymous_9)
FNDA:3,(anonymous_10)
FNDA:4,(anonymous_11)
FNDA:4,(anonymous_12)
FNDA:4,(anonymous_13)
FNDA:4,(anonymous_14)
FNDA:3,(anonymous_15)
FNDA:3,(anonymous_16)
DA:2,1
DA:3,1
DA:4,1
DA:6,1
DA:7,1
DA:24,3
DA:25,3
DA:26,1
DA:29,2
DA:47,2
DA:48,1
DA:51,1
DA:54,4
DA:55,4
DA:56,1
DA:59,3
DA:60,1
DA:63,2
DA:67,2
DA:68,1
DA:71,1
DA:82,4
DA:83,4
DA:84,1
DA:87,3
DA:88,1
DA:91,2
DA:95,2
DA:96,1
DA:99,1
DA:110,3
DA:111,3
DA:112,1
DA:115,2
DA:119,2
DA:120,1
DA:123,1
DA:127,1
LF:38
LH:38
BRDA:25,0,0,1
BRDA:47,1,0,1
BRDA:55,2,0,1
BRDA:59,3,0,1
BRDA:67,4,0,1
BRDA:83,5,0,1
BRDA:87,6,0,1
BRDA:95,7,0,1
BRDA:111,8,0,1
BRDA:119,9,0,1
BRF:10
BRH:10
end_of_record
TN:
SF:src/services/userService.ts
FN:11,(anonymous_8)
FN:15,(anonymous_9)
FN:19,(anonymous_10)
FN:19,(anonymous_11)
FN:28,(anonymous_12)
FN:32,(anonymous_13)
FN:38,(anonymous_14)
FN:98,(anonymous_15)
FN:98,(anonymous_16)
FN:146,(anonymous_17)
FN:146,(anonymous_18)
FN:181,(anonymous_19)
FN:181,(anonymous_20)
FN:214,(anonymous_21)
FN:214,(anonymous_22)
FN:253,(anonymous_23)
FN:253,(anonymous_24)
FN:293,(anonymous_25)
FN:293,(anonymous_26)
FN:319,(anonymous_27)
FN:325,(anonymous_28)
FN:374,(anonymous_29)
FN:374,(anonymous_30)
FNF:23
FNH:23
FNDA:2,(anonymous_8)
FNDA:8,(anonymous_9)
FNDA:7,(anonymous_10)
FNDA:7,(anonymous_11)
FNDA:2,(anonymous_12)
FNDA:5,(anonymous_13)
FNDA:5,(anonymous_14)
FNDA:5,(anonymous_15)
FNDA:5,(anonymous_16)
FNDA:6,(anonymous_17)
FNDA:6,(anonymous_18)
FNDA:4,(anonymous_19)
FNDA:4,(anonymous_20)
FNDA:6,(anonymous_21)
FNDA:6,(anonymous_22)
FNDA:8,(anonymous_23)
FNDA:8,(anonymous_24)
FNDA:2,(anonymous_25)
FNDA:2,(anonymous_26)
FNDA:4,(anonymous_27)
FNDA:4,(anonymous_28)
FNDA:3,(anonymous_29)
FNDA:3,(anonymous_30)
DA:2,11
DA:3,11
DA:4,11
DA:5,11
DA:6,11
DA:7,11
DA:9,11
DA:11,11
DA:13,11
DA:15,11
DA:16,8
DA:19,11
DA:20,7
DA:21,4
DA:23,3
DA:25,7
DA:28,11
DA:29,2
DA:32,11
DA:38,5
DA:39,5
DA:41,5
DA:42,2
DA:45,3
DA:55,3
DA:56,1
DA:59,2
DA:60,2
DA:62,2
DA:63,2
DA:65,2
DA:77,2
DA:78,1
DA:79,1
DA:80,1
DA:83,2
DA:89,2
DA:91,2
DA:98,11
DA:99,5
DA:100,2
DA:103,3
DA:113,3
DA:114,1
DA:117,2
DA:118,2
DA:119,2
DA:122,0
DA:123,0
DA:126,0
DA:131,0
DA:137,0
DA:139,0
DA:146,11
DA:147,6
DA:148,1
DA:151,5
DA:155,5
DA:156,1
DA:159,4
DA:160,1
DA:163,3
DA:164,1
DA:167,2
DA:168,1
DA:171,1
DA:181,11
DA:182,4
DA:186,4
DA:187,1
DA:190,3
DA:191,1
DA:194,2
DA:195,2
DA:197,2
DA:205,2
DA:206,1
DA:207,1
DA:208,1
DA:211,2
DA:214,11
DA:215,6
DA:216,1
DA:219,5
DA:229,5
DA:230,1
DA:233,4
DA:234,4
DA:236,4
DA:244,4
DA:245,2
DA:246,2
DA:247,1
DA:250,4
DA:253,11
DA:254,8
DA:255,3
DA:258,5
DA:268,5
DA:269,1
DA:272,4
DA:273,1
DA:276,3
DA:277,1
DA:280,2
DA:281,2
DA:283,2
DA:293,11
DA:294,2
DA:312,2
DA:313,1
DA:316,1
DA:319,11
DA:325,4
DA:326,4
DA:328,4
DA:329,3
DA:342,3
DA:343,1
DA:347,3
DA:348,3
DA:349,3
DA:350,3
DA:351,3
DA:352,3
DA:354,3
DA:374,11
DA:375,3
DA:376,1
DA:379,2
DA:383,2
DA:384,1
DA:387,1
DA:388,1
DA:389,1
DA:392,0
DA:393,0
DA:395,0
DA:400,0
LF:139
LH:129
BRDA:11,0,0,2
BRDA:11,0,1,0
BRDA:11,1,0,2
BRDA:11,1,1,2
BRDA:20,2,0,4
BRDA:20,2,1,3
BRDA:41,3,0,2
BRDA:41,4,0,5
BRDA:41,4,1,5
BRDA:41,4,2,5
BRDA:41,4,3,5
BRDA:41,4,4,3
BRDA:49,5,0,2
BRDA:49,5,1,1
BRDA:50,6,0,1
BRDA:50,6,1,2
BRDA:55,7,0,1
BRDA:77,8,0,1
BRDA:77,8,1,1
BRDA:79,9,0,1
BRDA:99,10,0,2
BRDA:99,11,0,5
BRDA:99,11,1,4
BRDA:113,12,0,1
BRDA:118,13,0,2
BRDA:122,14,0,0
BRDA:147,15,0,1
BRDA:155,16,0,1
BRDA:159,17,0,1
BRDA:163,18,0,1
BRDA:167,19,0,1
BRDA:167,20,0,2
BRDA:167,20,1,2
BRDA:186,21,0,1
BRDA:190,22,0,1
BRDA:205,23,0,1
BRDA:205,23,1,1
BRDA:207,24,0,1
BRDA:215,25,0,1
BRDA:229,26,0,1
BRDA:244,27,0,2
BRDA:244,27,1,2
BRDA:246,28,0,1
BRDA:254,29,0,3
BRDA:254,30,0,8
BRDA:254,30,1,7
BRDA:254,30,2,6
BRDA:268,31,0,1
BRDA:272,32,0,1
BRDA:276,33,0,1
BRDA:276,34,0,3
BRDA:276,34,1,2
BRDA:312,35,0,1
BRDA:328,36,0,3
BRDA:328,37,0,4
BRDA:328,37,1,3
BRDA:328,37,2,2
BRDA:332,38,0,1
BRDA:332,38,1,2
BRDA:333,39,0,1
BRDA:333,39,1,2
BRDA:334,40,0,1
BRDA:334,40,1,2
BRDA:342,41,0,1
BRDA:348,42,0,0
BRDA:349,43,0,0
BRDA:350,44,0,1
BRDA:351,45,0,1
BRDA:352,46,0,1
BRDA:375,47,0,1
BRDA:375,48,0,3
BRDA:375,48,1,2
BRDA:383,49,0,1
BRDA:388,50,0,1
BRF:74
BRH:70
end_of_record
TN:
SF:src/types/index.ts
FN:3,(anonymous_4)
FNF:1
FNH:1
FNDA:11,(anonymous_4)
DA:1,11
DA:3,11
DA:4,11
DA:5,11
LF:4
LH:4
BRDA:3,0,0,11
BRDA:3,0,1,11
BRF:2
BRH:2
end_of_record
TN:
SF:src/utils/AppError.ts
FN:11,(anonymous_0)
FN:26,(anonymous_1)
FN:27,(anonymous_2)
FNF:3
FNH:3
FNDA:49,(anonymous_0)
FNDA:140,(anonymous_1)
FNDA:44,(anonymous_2)
DA:6,14
DA:12,49
DA:13,49
DA:14,49
DA:15,49
DA:17,49
DA:18,49
DA:21,49
DA:26,14
DA:27,140
DA:28,44
DA:31,14
LF:12
LH:12
BRDA:11,0,0,1
BRDA:17,1,0,49
BRF:2
BRH:2
end_of_record
TN:
SF:src/utils/errorCases.ts
FN:5,(anonymous_0)
FN:10,(anonymous_1)
FN:15,(anonymous_2)
FN:20,(anonymous_3)
FN:25,(anonymous_4)
FN:30,(anonymous_5)
FN:35,(anonymous_6)
FN:40,(anonymous_7)
FN:45,(anonymous_8)
FN:53,(anonymous_9)
FN:58,(anonymous_10)
FN:63,(anonymous_11)
FN:68,(anonymous_12)
FN:73,(anonymous_13)
FN:81,(anonymous_14)
FN:86,(anonymous_15)
FN:91,(anonymous_16)
FN:96,(anonymous_17)
FN:101,(anonymous_18)
FN:109,(anonymous_19)
FN:114,(anonymous_20)
FN:119,(anonymous_21)
FN:124,(anonymous_22)
FN:129,(anonymous_23)
FN:134,(anonymous_24)
FN:139,(anonymous_25)
FN:144,(anonymous_26)
FNF:27
FNH:27
FNDA:9,(anonymous_0)
FNDA:5,(anonymous_1)
FNDA:2,(anonymous_2)
FNDA:2,(anonymous_3)
FNDA:2,(anonymous_4)
FNDA:4,(anonymous_5)
FNDA:3,(anonymous_6)
FNDA:2,(anonymous_7)
FNDA:2,(anonymous_8)
FNDA:1,(anonymous_9)
FNDA:1,(anonymous_10)
FNDA:1,(anonymous_11)
FNDA:1,(anonymous_12)
FNDA:1,(anonymous_13)
FNDA:1,(anonymous_14)
FNDA:8,(anonymous_15)
FNDA:6,(anonymous_16)
FNDA:6,(anonymous_17)
FNDA:7,(anonymous_18)
FNDA:2,(anonymous_19)
FNDA:3,(anonymous_20)
FNDA:2,(anonymous_21)
FNDA:2,(anonymous_22)
FNDA:2,(anonymous_23)
FNDA:2,(anonymous_24)
FNDA:2,(anonymous_25)
FNDA:2,(anonymous_26)
DA:4,14
DA:5,9
DA:10,5
DA:15,2
DA:20,2
DA:25,2
DA:30,4
DA:35,3
DA:40,2
DA:45,2
DA:52,14
DA:53,1
DA:58,1
DA:63,1
DA:68,1
DA:73,1
DA:80,14
DA:81,1
DA:86,8
DA:91,6
DA:96,6
DA:101,7
DA:108,14
DA:109,2
DA:114,3
DA:119,2
DA:124,2
DA:129,2
DA:134,2
DA:139,2
DA:144,2
LF:31
LH:31
BRF:0
BRH:0
end_of_record
TN:
SF:src/utils/validate.ts
FN:9,(anonymous_0)
FN:17,(anonymous_1)
FN:30,(anonymous_2)
FN:38,(anonymous_3)
FNF:4
FNH:4
FNDA:11,(anonymous_0)
FNDA:12,(anonymous_1)
FNDA:11,(anonymous_2)
FNDA:3,(anonymous_3)
DA:1,1
DA:2,1
DA:9,1
DA:10,11
DA:11,11
DA:12,7
DA:14,4
DA:17,1
DA:18,12
DA:19,3
DA:22,9
DA:23,9
DA:24,5
DA:27,4
DA:30,1
DA:31,11
DA:32,11
DA:33,5
DA:35,6
DA:38,1
DA:39,3
DA:40,5
DA:41,1
LF:23
LH:23
BRDA:11,0,0,7
BRDA:18,1,0,3
BRDA:23,2,0,5
BRDA:32,3,0,5
BRDA:40,4,0,1
BRDA:40,5,0,5
BRDA:40,5,1,2
BRF:7
BRH:7
end_of_record
